<?xml version="1.0" encoding="UTF-8"?>
<coverage generated="1742144351293" clover="3.2.0">
  <project timestamp="1742144351293" name="All files">
    <metrics statements="383" coveredstatements="245" conditionals="107" coveredconditionals="21" methods="122" coveredmethods="59" elements="612" coveredelements="325" complexity="0" loc="383" ncloc="383" packages="14" files="15" classes="15"/>
    <package name="src">
      <metrics statements="23" coveredstatements="23" conditionals="0" coveredconditionals="0" methods="25" coveredmethods="25"/>
      <file name="App.tsx" path="C:\Users\Aryan\OneDrive\Desktop\TypeScript\typescript\src\App.tsx">
        <metrics statements="23" coveredstatements="23" conditionals="0" coveredconditionals="0" methods="25" coveredmethods="25"/>
        <line num="2" count="1" type="stmt"/>
        <line num="3" count="1" type="stmt"/>
        <line num="4" count="1" type="stmt"/>
        <line num="5" count="1" type="stmt"/>
        <line num="6" count="1" type="stmt"/>
        <line num="7" count="1" type="stmt"/>
        <line num="8" count="1" type="stmt"/>
        <line num="9" count="1" type="stmt"/>
        <line num="10" count="1" type="stmt"/>
        <line num="11" count="1" type="stmt"/>
        <line num="12" count="1" type="stmt"/>
        <line num="13" count="1" type="stmt"/>
        <line num="14" count="1" type="stmt"/>
        <line num="15" count="1" type="stmt"/>
        <line num="16" count="1" type="stmt"/>
        <line num="17" count="1" type="stmt"/>
        <line num="18" count="1" type="stmt"/>
        <line num="19" count="1" type="stmt"/>
        <line num="20" count="1" type="stmt"/>
        <line num="21" count="1" type="stmt"/>
        <line num="22" count="5" type="stmt"/>
        <line num="23" count="5" type="stmt"/>
        <line num="33" count="1" type="stmt"/>
      </file>
    </package>
    <package name="src.Components.InfiniteScroll">
      <metrics statements="29" coveredstatements="13" conditionals="10" coveredconditionals="0" methods="9" coveredmethods="2"/>
      <file name="ScrollerOnElement.tsx" path="C:\Users\Aryan\OneDrive\Desktop\TypeScript\typescript\src\Components\InfiniteScroll\ScrollerOnElement.tsx">
        <metrics statements="29" coveredstatements="13" conditionals="10" coveredconditionals="0" methods="9" coveredmethods="2"/>
        <line num="2" count="1" type="stmt"/>
        <line num="3" count="1" type="stmt"/>
        <line num="4" count="1" type="stmt"/>
        <line num="5" count="1" type="stmt"/>
        <line num="6" count="1" type="stmt"/>
        <line num="7" count="1" type="stmt"/>
        <line num="8" count="4" type="stmt"/>
        <line num="15" count="4" type="stmt"/>
        <line num="17" count="4" type="stmt"/>
        <line num="18" count="4" type="stmt"/>
        <line num="19" count="0" type="cond" truecount="0" falsecount="4"/>
        <line num="20" count="0" type="stmt"/>
        <line num="22" count="0" type="stmt"/>
        <line num="23" count="0" type="stmt"/>
        <line num="24" count="0" type="cond" truecount="0" falsecount="2"/>
        <line num="25" count="0" type="stmt"/>
        <line num="27" count="0" type="cond" truecount="0" falsecount="2"/>
        <line num="28" count="0" type="stmt"/>
        <line num="30" count="0" type="stmt"/>
        <line num="35" count="0" type="stmt"/>
        <line num="36" count="0" type="cond" truecount="0" falsecount="2"/>
        <line num="37" count="0" type="stmt"/>
        <line num="38" count="0" type="stmt"/>
        <line num="42" count="0" type="stmt"/>
        <line num="45" count="0" type="stmt"/>
        <line num="46" count="0" type="stmt"/>
        <line num="52" count="4" type="stmt"/>
        <line num="53" count="200" type="stmt"/>
        <line num="56" count="1" type="stmt"/>
      </file>
    </package>
    <package name="src.Components.Loader">
      <metrics statements="7" coveredstatements="7" conditionals="0" coveredconditionals="0" methods="1" coveredmethods="1"/>
      <file name="Loader.tsx" path="C:\Users\Aryan\OneDrive\Desktop\TypeScript\typescript\src\Components\Loader\Loader.tsx">
        <metrics statements="7" coveredstatements="7" conditionals="0" coveredconditionals="0" methods="1" coveredmethods="1"/>
        <line num="2" count="1" type="stmt"/>
        <line num="3" count="1" type="stmt"/>
        <line num="4" count="1" type="stmt"/>
        <line num="5" count="1" type="stmt"/>
        <line num="6" count="1" type="stmt"/>
        <line num="7" count="1" type="stmt"/>
        <line num="9" count="1" type="stmt"/>
      </file>
    </package>
    <package name="src.Components.Modal">
      <metrics statements="12" coveredstatements="12" conditionals="2" coveredconditionals="1" methods="2" coveredmethods="1"/>
      <file name="Modal.tsx" path="C:\Users\Aryan\OneDrive\Desktop\TypeScript\typescript\src\Components\Modal\Modal.tsx">
        <metrics statements="12" coveredstatements="12" conditionals="2" coveredconditionals="1" methods="2" coveredmethods="1"/>
        <line num="2" count="1" type="stmt"/>
        <line num="3" count="1" type="stmt"/>
        <line num="4" count="1" type="stmt"/>
        <line num="5" count="1" type="stmt"/>
        <line num="6" count="1" type="stmt"/>
        <line num="7" count="1" type="stmt"/>
        <line num="8" count="4" type="stmt"/>
        <line num="35" count="4" type="stmt"/>
        <line num="46" count="4" type="stmt"/>
        <line num="60" count="4" type="stmt"/>
        <line num="83" count="4" type="cond" truecount="1" falsecount="1"/>
        <line num="85" count="1" type="stmt"/>
      </file>
    </package>
    <package name="src.Components.SuggestionField">
      <metrics statements="69" coveredstatements="12" conditionals="34" coveredconditionals="0" methods="16" coveredmethods="0"/>
      <file name="InputSuggestion.tsx" path="C:\Users\Aryan\OneDrive\Desktop\TypeScript\typescript\src\Components\SuggestionField\InputSuggestion.tsx">
        <metrics statements="69" coveredstatements="12" conditionals="34" coveredconditionals="0" methods="16" coveredmethods="0"/>
        <line num="2" count="1" type="stmt"/>
        <line num="3" count="1" type="stmt"/>
        <line num="4" count="1" type="stmt"/>
        <line num="5" count="1" type="stmt"/>
        <line num="6" count="1" type="stmt"/>
        <line num="7" count="1" type="cond" truecount="0" falsecount="4"/>
        <line num="9" count="0" type="stmt"/>
        <line num="11" count="0" type="stmt"/>
        <line num="12" count="0" type="stmt"/>
        <line num="14" count="0" type="stmt"/>
        <line num="15" count="0" type="stmt"/>
        <line num="16" count="0" type="stmt"/>
        <line num="18" count="0" type="stmt"/>
        <line num="19" count="0" type="stmt"/>
        <line num="20" count="0" type="stmt"/>
        <line num="22" count="0" type="stmt"/>
        <line num="25" count="1" type="stmt"/>
        <line num="26" count="1" type="stmt"/>
        <line num="27" count="1" type="stmt"/>
        <line num="28" count="0" type="stmt"/>
        <line num="29" count="0" type="stmt"/>
        <line num="30" count="0" type="cond" truecount="0" falsecount="2"/>
        <line num="31" count="0" type="stmt"/>
        <line num="34" count="0" type="stmt"/>
        <line num="36" count="1" type="stmt"/>
        <line num="37" count="1" type="stmt"/>
        <line num="38" count="0" type="stmt"/>
        <line num="39" count="0" type="stmt"/>
        <line num="41" count="0" type="stmt"/>
        <line num="42" count="0" type="stmt"/>
        <line num="44" count="0" type="stmt"/>
        <line num="46" count="0" type="cond" truecount="0" falsecount="2"/>
        <line num="47" count="0" type="stmt"/>
        <line num="48" count="0" type="cond" truecount="0" falsecount="4"/>
        <line num="50" count="0" type="stmt"/>
        <line num="51" count="0" type="stmt"/>
        <line num="52" count="0" type="cond" truecount="0" falsecount="2"/>
        <line num="53" count="0" type="stmt"/>
        <line num="54" count="0" type="stmt"/>
        <line num="56" count="0" type="stmt"/>
        <line num="58" count="0" type="stmt"/>
        <line num="59" count="0" type="stmt"/>
        <line num="60" count="0" type="cond" truecount="0" falsecount="2"/>
        <line num="61" count="0" type="stmt"/>
        <line num="62" count="0" type="stmt"/>
        <line num="64" count="0" type="stmt"/>
        <line num="66" count="0" type="stmt"/>
        <line num="67" count="0" type="cond" truecount="0" falsecount="4"/>
        <line num="68" count="0" type="stmt"/>
        <line num="70" count="0" type="stmt"/>
        <line num="72" count="0" type="stmt"/>
        <line num="73" count="0" type="stmt"/>
        <line num="76" count="0" type="stmt"/>
        <line num="77" count="0" type="stmt"/>
        <line num="78" count="0" type="stmt"/>
        <line num="81" count="0" type="stmt"/>
        <line num="83" count="0" type="cond" truecount="0" falsecount="2"/>
        <line num="86" count="0" type="stmt"/>
        <line num="87" count="0" type="cond" truecount="0" falsecount="2"/>
        <line num="89" count="0" type="stmt"/>
        <line num="97" count="0" type="cond" truecount="0" falsecount="2"/>
        <line num="98" count="0" type="stmt"/>
        <line num="101" count="0" type="cond" truecount="0" falsecount="4"/>
        <line num="102" count="0" type="stmt"/>
        <line num="104" count="0" type="stmt"/>
        <line num="105" count="0" type="cond" truecount="0" falsecount="4"/>
        <line num="106" count="0" type="stmt"/>
        <line num="107" count="0" type="stmt"/>
        <line num="111" count="1" type="stmt"/>
      </file>
    </package>
    <package name="src.Pages.Accordion">
      <metrics statements="21" coveredstatements="16" conditionals="8" coveredconditionals="2" methods="6" coveredmethods="3"/>
      <file name="Accordion.tsx" path="C:\Users\Aryan\OneDrive\Desktop\TypeScript\typescript\src\Pages\Accordion\Accordion.tsx">
        <metrics statements="21" coveredstatements="16" conditionals="8" coveredconditionals="2" methods="6" coveredmethods="3"/>
        <line num="2" count="1" type="stmt"/>
        <line num="3" count="1" type="stmt"/>
        <line num="4" count="1" type="stmt"/>
        <line num="5" count="1" type="stmt"/>
        <line num="6" count="1" type="stmt"/>
        <line num="7" count="1" type="stmt"/>
        <line num="8" count="1" type="stmt"/>
        <line num="9" count="1" type="stmt"/>
        <line num="47" count="1" type="stmt"/>
        <line num="48" count="4" type="stmt"/>
        <line num="50" count="1" type="stmt"/>
        <line num="51" count="1" type="stmt"/>
        <line num="52" count="4" type="stmt"/>
        <line num="64" count="4" type="stmt"/>
        <line num="65" count="0" type="stmt"/>
        <line num="66" count="0" type="cond" truecount="0" falsecount="2"/>
        <line num="67" count="0" type="stmt"/>
        <line num="68" count="0" type="stmt"/>
        <line num="69" count="0" type="stmt"/>
        <line num="76" count="4" type="stmt"/>
        <line num="77" count="24" type="cond" truecount="2" falsecount="2"/>
      </file>
    </package>
    <package name="src.Pages.AutoSuggestion">
      <metrics statements="48" coveredstatements="32" conditionals="10" coveredconditionals="3" methods="13" coveredmethods="5"/>
      <file name="AutoSuggestion.tsx" path="C:\Users\Aryan\OneDrive\Desktop\TypeScript\typescript\src\Pages\AutoSuggestion\AutoSuggestion.tsx">
        <metrics statements="48" coveredstatements="32" conditionals="10" coveredconditionals="3" methods="13" coveredmethods="5"/>
        <line num="2" count="1" type="stmt"/>
        <line num="3" count="1" type="stmt"/>
        <line num="4" count="1" type="stmt"/>
        <line num="5" count="1" type="stmt"/>
        <line num="6" count="1" type="stmt"/>
        <line num="7" count="1" type="stmt"/>
        <line num="8" count="1" type="stmt"/>
        <line num="9" count="1" type="stmt"/>
        <line num="10" count="8" type="stmt"/>
        <line num="11" count="8" type="stmt"/>
        <line num="12" count="8" type="stmt"/>
        <line num="13" count="8" type="stmt"/>
        <line num="14" count="8" type="stmt"/>
        <line num="15" count="4" type="stmt"/>
        <line num="16" count="4" type="stmt"/>
        <line num="17" count="0" type="cond" truecount="0" falsecount="2"/>
        <line num="18" count="0" type="stmt"/>
        <line num="20" count="0" type="stmt"/>
        <line num="21" count="0" type="stmt"/>
        <line num="24" count="4" type="stmt"/>
        <line num="27" count="4" type="stmt"/>
        <line num="30" count="8" type="stmt"/>
        <line num="31" count="4" type="stmt"/>
        <line num="33" count="8" type="stmt"/>
        <line num="35" count="8" type="stmt"/>
        <line num="36" count="0" type="cond" truecount="0" falsecount="2"/>
        <line num="37" count="0" type="stmt"/>
        <line num="39" count="0" type="stmt"/>
        <line num="40" count="0" type="stmt"/>
        <line num="44" count="8" type="stmt"/>
        <line num="45" count="0" type="stmt"/>
        <line num="47" count="8" type="stmt"/>
        <line num="48" count="8" type="stmt"/>
        <line num="49" count="4" type="stmt"/>
        <line num="51" count="8" type="cond" truecount="2" falsecount="0"/>
        <line num="52" count="4" type="stmt"/>
        <line num="54" count="4" type="cond" truecount="1" falsecount="1"/>
        <line num="55" count="4" type="stmt"/>
        <line num="57" count="0" type="stmt"/>
        <line num="58" count="0" type="stmt"/>
        <line num="60" count="0" type="stmt"/>
        <line num="62" count="1" type="stmt"/>
        <line num="63" count="1" type="stmt"/>
        <line num="64" count="0" type="cond" truecount="0" falsecount="2"/>
        <line num="65" count="0" type="stmt"/>
        <line num="67" count="0" type="stmt"/>
        <line num="68" count="0" type="stmt"/>
        <line num="71" count="1" type="stmt"/>
      </file>
    </package>
    <package name="src.Pages.Message">
      <metrics statements="12" coveredstatements="12" conditionals="0" coveredconditionals="0" methods="3" coveredmethods="1"/>
      <file name="Message.tsx" path="C:\Users\Aryan\OneDrive\Desktop\TypeScript\typescript\src\Pages\Message\Message.tsx">
        <metrics statements="12" coveredstatements="12" conditionals="0" coveredconditionals="0" methods="3" coveredmethods="1"/>
        <line num="2" count="1" type="stmt"/>
        <line num="3" count="1" type="stmt"/>
        <line num="4" count="1" type="stmt"/>
        <line num="5" count="1" type="stmt"/>
        <line num="6" count="1" type="stmt"/>
        <line num="7" count="1" type="stmt"/>
        <line num="8" count="1" type="stmt"/>
        <line num="9" count="4" type="stmt"/>
        <line num="10" count="4" type="stmt"/>
        <line num="11" count="4" type="stmt"/>
        <line num="12" count="4" type="stmt"/>
        <line num="14" count="1" type="stmt"/>
      </file>
    </package>
    <package name="src.Pages.OTP">
      <metrics statements="32" coveredstatements="15" conditionals="9" coveredconditionals="0" methods="12" coveredmethods="4"/>
      <file name="OtpFieldTwo.tsx" path="C:\Users\Aryan\OneDrive\Desktop\TypeScript\typescript\src\Pages\OTP\OtpFieldTwo.tsx">
        <metrics statements="32" coveredstatements="15" conditionals="9" coveredconditionals="0" methods="12" coveredmethods="4"/>
        <line num="2" count="1" type="stmt"/>
        <line num="3" count="1" type="stmt"/>
        <line num="4" count="1" type="stmt"/>
        <line num="5" count="1" type="stmt"/>
        <line num="6" count="1" type="stmt"/>
        <line num="7" count="1" type="stmt"/>
        <line num="9" count="4" type="stmt"/>
        <line num="10" count="4" type="stmt"/>
        <line num="11" count="4" type="stmt"/>
        <line num="12" count="0" type="stmt"/>
        <line num="13" count="0" type="stmt"/>
        <line num="14" count="0" type="cond" truecount="0" falsecount="4"/>
        <line num="15" count="0" type="stmt"/>
        <line num="17" count="0" type="stmt"/>
        <line num="18" count="0" type="stmt"/>
        <line num="21" count="4" type="stmt"/>
        <line num="22" count="0" type="cond" truecount="0" falsecount="5"/>
        <line num="23" count="0" type="stmt"/>
        <line num="26" count="4" type="stmt"/>
        <line num="28" count="0" type="stmt"/>
        <line num="30" count="0" type="stmt"/>
        <line num="35" count="0" type="stmt"/>
        <line num="36" count="0" type="stmt"/>
        <line num="37" count="0" type="stmt"/>
        <line num="38" count="0" type="stmt"/>
        <line num="40" count="0" type="stmt"/>
        <line num="43" count="0" type="stmt"/>
        <line num="44" count="0" type="stmt"/>
        <line num="47" count="4" type="stmt"/>
        <line num="48" count="16" type="stmt"/>
        <line num="51" count="1" type="stmt"/>
        <line num="52" count="32" type="stmt"/>
      </file>
    </package>
    <package name="src.Pages.PausableCounter">
      <metrics statements="37" coveredstatements="21" conditionals="24" coveredconditionals="9" methods="8" coveredmethods="3"/>
      <file name="PausableCounter.tsx" path="C:\Users\Aryan\OneDrive\Desktop\TypeScript\typescript\src\Pages\PausableCounter\PausableCounter.tsx">
        <metrics statements="37" coveredstatements="21" conditionals="24" coveredconditionals="9" methods="8" coveredmethods="3"/>
        <line num="2" count="1" type="stmt"/>
        <line num="3" count="1" type="stmt"/>
        <line num="4" count="1" type="stmt"/>
        <line num="5" count="1" type="stmt"/>
        <line num="6" count="1" type="stmt"/>
        <line num="7" count="1" type="stmt"/>
        <line num="8" count="1" type="stmt"/>
        <line num="10" count="1" type="stmt"/>
        <line num="39" count="1" type="stmt"/>
        <line num="40" count="4" type="stmt"/>
        <line num="41" count="4" type="stmt"/>
        <line num="42" count="4" type="stmt"/>
        <line num="43" count="4" type="stmt"/>
        <line num="45" count="4" type="stmt"/>
        <line num="46" count="4" type="stmt"/>
        <line num="47" count="4" type="cond" truecount="1" falsecount="1"/>
        <line num="48" count="0" type="stmt"/>
        <line num="52" count="4" type="stmt"/>
        <line num="53" count="0" type="cond" truecount="0" falsecount="2"/>
        <line num="54" count="0" type="stmt"/>
        <line num="55" count="0" type="stmt"/>
        <line num="57" count="0" type="stmt"/>
        <line num="58" count="0" type="stmt"/>
        <line num="61" count="4" type="stmt"/>
        <line num="62" count="0" type="cond" truecount="0" falsecount="2"/>
        <line num="63" count="0" type="stmt"/>
        <line num="64" count="0" type="stmt"/>
        <line num="65" count="0" type="stmt"/>
        <line num="68" count="4" type="stmt"/>
        <line num="69" count="0" type="cond" truecount="0" falsecount="2"/>
        <line num="70" count="0" type="stmt"/>
        <line num="71" count="0" type="stmt"/>
        <line num="72" count="0" type="stmt"/>
        <line num="73" count="0" type="stmt"/>
        <line num="74" count="0" type="stmt"/>
        <line num="77" count="4" type="cond" truecount="4" falsecount="4"/>
        <line num="101" count="1" type="stmt"/>
      </file>
    </package>
    <package name="src.Pages.StartRating">
      <metrics statements="27" coveredstatements="24" conditionals="8" coveredconditionals="4" methods="9" coveredmethods="4"/>
      <file name="StarRating.tsx" path="C:\Users\Aryan\OneDrive\Desktop\TypeScript\typescript\src\Pages\StartRating\StarRating.tsx">
        <metrics statements="27" coveredstatements="24" conditionals="8" coveredconditionals="4" methods="9" coveredmethods="4"/>
        <line num="2" count="1" type="stmt"/>
        <line num="3" count="1" type="stmt"/>
        <line num="4" count="1" type="stmt"/>
        <line num="5" count="1" type="stmt"/>
        <line num="6" count="1" type="stmt"/>
        <line num="7" count="1" type="stmt"/>
        <line num="8" count="1" type="stmt"/>
        <line num="9" count="1" type="stmt"/>
        <line num="10" count="1" type="stmt"/>
        <line num="11" count="4" type="stmt"/>
        <line num="12" count="4" type="stmt"/>
        <line num="13" count="4" type="stmt"/>
        <line num="14" count="4" type="stmt"/>
        <line num="15" count="0" type="stmt"/>
        <line num="17" count="4" type="stmt"/>
        <line num="18" count="0" type="stmt"/>
        <line num="20" count="4" type="stmt"/>
        <line num="21" count="0" type="stmt"/>
        <line num="23" count="20" type="stmt"/>
        <line num="24" count="4" type="stmt"/>
        <line num="25" count="20" type="cond" truecount="1" falsecount="1"/>
        <line num="30" count="1" type="stmt"/>
        <line num="31" count="1" type="stmt"/>
        <line num="32" count="20" type="stmt"/>
        <line num="33" count="20" type="stmt"/>
        <line num="34" count="20" type="stmt"/>
        <line num="48" count="1" type="stmt"/>
      </file>
    </package>
    <package name="src.Pages.Stepper">
      <metrics statements="38" coveredstatements="32" conditionals="0" coveredconditionals="0" methods="9" coveredmethods="3"/>
      <file name="Components.tsx" path="C:\Users\Aryan\OneDrive\Desktop\TypeScript\typescript\src\Pages\Stepper\Components.tsx">
        <metrics statements="20" coveredstatements="16" conditionals="0" coveredconditionals="0" methods="5" coveredmethods="1"/>
        <line num="2" count="1" type="stmt"/>
        <line num="3" count="1" type="stmt"/>
        <line num="4" count="1" type="stmt"/>
        <line num="5" count="1" type="stmt"/>
        <line num="6" count="1" type="stmt"/>
        <line num="7" count="1" type="stmt"/>
        <line num="8" count="4" type="stmt"/>
        <line num="10" count="1" type="stmt"/>
        <line num="11" count="1" type="stmt"/>
        <line num="12" count="0" type="stmt"/>
        <line num="14" count="1" type="stmt"/>
        <line num="15" count="1" type="stmt"/>
        <line num="16" count="0" type="stmt"/>
        <line num="18" count="1" type="stmt"/>
        <line num="19" count="1" type="stmt"/>
        <line num="20" count="0" type="stmt"/>
        <line num="22" count="1" type="stmt"/>
        <line num="23" count="1" type="stmt"/>
        <line num="24" count="0" type="stmt"/>
        <line num="26" count="1" type="stmt"/>
      </file>
      <file name="Stepper.tsx" path="C:\Users\Aryan\OneDrive\Desktop\TypeScript\typescript\src\Pages\Stepper\Stepper.tsx">
        <metrics statements="18" coveredstatements="16" conditionals="0" coveredconditionals="0" methods="4" coveredmethods="2"/>
        <line num="2" count="1" type="stmt"/>
        <line num="3" count="1" type="stmt"/>
        <line num="4" count="1" type="stmt"/>
        <line num="5" count="1" type="stmt"/>
        <line num="6" count="1" type="stmt"/>
        <line num="7" count="1" type="stmt"/>
        <line num="8" count="1" type="stmt"/>
        <line num="9" count="1" type="stmt"/>
        <line num="16" count="1" type="stmt"/>
        <line num="17" count="1" type="stmt"/>
        <line num="18" count="4" type="stmt"/>
        <line num="19" count="4" type="stmt"/>
        <line num="20" count="0" type="stmt"/>
        <line num="22" count="4" type="stmt"/>
        <line num="23" count="0" type="stmt"/>
        <line num="25" count="4" type="stmt"/>
        <line num="26" count="20" type="stmt"/>
        <line num="35" count="1" type="stmt"/>
      </file>
    </package>
    <package name="src.Pages.TrafficLight">
      <metrics statements="18" coveredstatements="17" conditionals="2" coveredconditionals="2" methods="6" coveredmethods="5"/>
      <file name="TrafficLight.tsx" path="C:\Users\Aryan\OneDrive\Desktop\TypeScript\typescript\src\Pages\TrafficLight\TrafficLight.tsx">
        <metrics statements="18" coveredstatements="17" conditionals="2" coveredconditionals="2" methods="6" coveredmethods="5"/>
        <line num="2" count="1" type="stmt"/>
        <line num="3" count="1" type="stmt"/>
        <line num="4" count="1" type="stmt"/>
        <line num="5" count="1" type="stmt"/>
        <line num="6" count="1" type="stmt"/>
        <line num="7" count="1" type="stmt"/>
        <line num="9" count="1" type="stmt"/>
        <line num="23" count="1" type="stmt"/>
        <line num="24" count="4" type="stmt"/>
        <line num="25" count="4" type="stmt"/>
        <line num="26" count="4" type="stmt"/>
        <line num="27" count="4" type="stmt"/>
        <line num="28" count="0" type="stmt"/>
        <line num="30" count="4" type="stmt"/>
        <line num="31" count="4" type="stmt"/>
        <line num="34" count="12" type="cond" truecount="2" falsecount="0"/>
        <line num="35" count="4" type="stmt"/>
        <line num="37" count="1" type="stmt"/>
      </file>
    </package>
    <package name="src.assets">
      <metrics statements="10" coveredstatements="9" conditionals="0" coveredconditionals="0" methods="3" coveredmethods="2"/>
      <file name="Svg.tsx" path="C:\Users\Aryan\OneDrive\Desktop\TypeScript\typescript\src\assets\Svg.tsx">
        <metrics statements="10" coveredstatements="9" conditionals="0" coveredconditionals="0" methods="3" coveredmethods="2"/>
        <line num="2" count="1" type="stmt"/>
        <line num="3" count="1" type="stmt"/>
        <line num="4" count="1" type="stmt"/>
        <line num="5" count="24" type="stmt"/>
        <line num="7" count="1" type="stmt"/>
        <line num="8" count="0" type="stmt"/>
        <line num="10" count="1" type="stmt"/>
        <line num="11" count="20" type="stmt"/>
        <line num="13" count="1" type="stmt"/>
        <line num="18" count="1" type="stmt"/>
      </file>
    </package>
  </project>
</coverage>
