{"C:\\Users\\Aryan\\OneDrive\\Desktop\\TypeScript\\typescript\\src\\App.tsx": {"path":"C:\\Users\\Aryan\\OneDrive\\Desktop\\TypeScript\\typescript\\src\\App.tsx","statementMap":{"0":{"start":{"line":2,"column":0},"end":{"line":2,"column":62}},"1":{"start":{"line":3,"column":16},"end":{"line":3,"column":32}},"2":{"start":{"line":4,"column":22},"end":{"line":4,"column":50}},"3":{"start":{"line":5,"column":24},"end":{"line":5,"column":48}},"4":{"start":{"line":6,"column":16},"end":{"line":6,"column":32}},"5":{"start":{"line":7,"column":0},"end":{"line":7,"column":21}},"6":{"start":{"line":8,"column":17},"end":{"line":8,"column":79}},"7":{"start":{"line":9,"column":17},"end":{"line":9,"column":130}},"8":{"start":{"line":9,"column":41},"end":{"line":9,"column":129}},"9":{"start":{"line":9,"column":70},"end":{"line":9,"column":128}},"10":{"start":{"line":10,"column":15},"end":{"line":10,"column":129}},"11":{"start":{"line":10,"column":39},"end":{"line":10,"column":128}},"12":{"start":{"line":10,"column":68},"end":{"line":10,"column":127}},"13":{"start":{"line":11,"column":21},"end":{"line":11,"column":142}},"14":{"start":{"line":11,"column":45},"end":{"line":11,"column":141}},"15":{"start":{"line":11,"column":74},"end":{"line":11,"column":140}},"16":{"start":{"line":12,"column":24},"end":{"line":12,"column":151}},"17":{"start":{"line":12,"column":48},"end":{"line":12,"column":150}},"18":{"start":{"line":12,"column":77},"end":{"line":12,"column":149}},"19":{"start":{"line":13,"column":27},"end":{"line":13,"column":142}},"20":{"start":{"line":13,"column":51},"end":{"line":13,"column":141}},"21":{"start":{"line":13,"column":80},"end":{"line":13,"column":140}},"22":{"start":{"line":14,"column":20},"end":{"line":14,"column":138}},"23":{"start":{"line":14,"column":44},"end":{"line":14,"column":137}},"24":{"start":{"line":14,"column":73},"end":{"line":14,"column":136}},"25":{"start":{"line":15,"column":15},"end":{"line":15,"column":129}},"26":{"start":{"line":15,"column":39},"end":{"line":15,"column":128}},"27":{"start":{"line":15,"column":68},"end":{"line":15,"column":127}},"28":{"start":{"line":16,"column":25},"end":{"line":16,"column":136}},"29":{"start":{"line":16,"column":49},"end":{"line":16,"column":135}},"30":{"start":{"line":16,"column":78},"end":{"line":16,"column":134}},"31":{"start":{"line":17,"column":16},"end":{"line":17,"column":127}},"32":{"start":{"line":17,"column":40},"end":{"line":17,"column":126}},"33":{"start":{"line":17,"column":69},"end":{"line":17,"column":125}},"34":{"start":{"line":18,"column":23},"end":{"line":18,"column":148}},"35":{"start":{"line":18,"column":47},"end":{"line":18,"column":147}},"36":{"start":{"line":18,"column":76},"end":{"line":18,"column":146}},"37":{"start":{"line":19,"column":26},"end":{"line":19,"column":137}},"38":{"start":{"line":19,"column":50},"end":{"line":19,"column":136}},"39":{"start":{"line":19,"column":79},"end":{"line":19,"column":135}},"40":{"start":{"line":20,"column":24},"end":{"line":20,"column":157}},"41":{"start":{"line":20,"column":48},"end":{"line":20,"column":156}},"42":{"start":{"line":20,"column":77},"end":{"line":20,"column":155}},"43":{"start":{"line":21,"column":12},"end":{"line":32,"column":1}},"44":{"start":{"line":22,"column":40},"end":{"line":22,"column":65}},"45":{"start":{"line":23,"column":4},"end":{"line":31,"column":682}},"46":{"start":{"line":33,"column":0},"end":{"line":33,"column":22}}},"fnMap":{"0":{"name":"(anonymous_0)","decl":{"start":{"line":9,"column":35},"end":{"line":9,"column":36}},"loc":{"start":{"line":9,"column":41},"end":{"line":9,"column":129}},"line":9},"1":{"name":"(anonymous_1)","decl":{"start":{"line":9,"column":64},"end":{"line":9,"column":65}},"loc":{"start":{"line":9,"column":70},"end":{"line":9,"column":128}},"line":9},"2":{"name":"(anonymous_2)","decl":{"start":{"line":10,"column":33},"end":{"line":10,"column":34}},"loc":{"start":{"line":10,"column":39},"end":{"line":10,"column":128}},"line":10},"3":{"name":"(anonymous_3)","decl":{"start":{"line":10,"column":62},"end":{"line":10,"column":63}},"loc":{"start":{"line":10,"column":68},"end":{"line":10,"column":127}},"line":10},"4":{"name":"(anonymous_4)","decl":{"start":{"line":11,"column":39},"end":{"line":11,"column":40}},"loc":{"start":{"line":11,"column":45},"end":{"line":11,"column":141}},"line":11},"5":{"name":"(anonymous_5)","decl":{"start":{"line":11,"column":68},"end":{"line":11,"column":69}},"loc":{"start":{"line":11,"column":74},"end":{"line":11,"column":140}},"line":11},"6":{"name":"(anonymous_6)","decl":{"start":{"line":12,"column":42},"end":{"line":12,"column":43}},"loc":{"start":{"line":12,"column":48},"end":{"line":12,"column":150}},"line":12},"7":{"name":"(anonymous_7)","decl":{"start":{"line":12,"column":71},"end":{"line":12,"column":72}},"loc":{"start":{"line":12,"column":77},"end":{"line":12,"column":149}},"line":12},"8":{"name":"(anonymous_8)","decl":{"start":{"line":13,"column":45},"end":{"line":13,"column":46}},"loc":{"start":{"line":13,"column":51},"end":{"line":13,"column":141}},"line":13},"9":{"name":"(anonymous_9)","decl":{"start":{"line":13,"column":74},"end":{"line":13,"column":75}},"loc":{"start":{"line":13,"column":80},"end":{"line":13,"column":140}},"line":13},"10":{"name":"(anonymous_10)","decl":{"start":{"line":14,"column":38},"end":{"line":14,"column":39}},"loc":{"start":{"line":14,"column":44},"end":{"line":14,"column":137}},"line":14},"11":{"name":"(anonymous_11)","decl":{"start":{"line":14,"column":67},"end":{"line":14,"column":68}},"loc":{"start":{"line":14,"column":73},"end":{"line":14,"column":136}},"line":14},"12":{"name":"(anonymous_12)","decl":{"start":{"line":15,"column":33},"end":{"line":15,"column":34}},"loc":{"start":{"line":15,"column":39},"end":{"line":15,"column":128}},"line":15},"13":{"name":"(anonymous_13)","decl":{"start":{"line":15,"column":62},"end":{"line":15,"column":63}},"loc":{"start":{"line":15,"column":68},"end":{"line":15,"column":127}},"line":15},"14":{"name":"(anonymous_14)","decl":{"start":{"line":16,"column":43},"end":{"line":16,"column":44}},"loc":{"start":{"line":16,"column":49},"end":{"line":16,"column":135}},"line":16},"15":{"name":"(anonymous_15)","decl":{"start":{"line":16,"column":72},"end":{"line":16,"column":73}},"loc":{"start":{"line":16,"column":78},"end":{"line":16,"column":134}},"line":16},"16":{"name":"(anonymous_16)","decl":{"start":{"line":17,"column":34},"end":{"line":17,"column":35}},"loc":{"start":{"line":17,"column":40},"end":{"line":17,"column":126}},"line":17},"17":{"name":"(anonymous_17)","decl":{"start":{"line":17,"column":63},"end":{"line":17,"column":64}},"loc":{"start":{"line":17,"column":69},"end":{"line":17,"column":125}},"line":17},"18":{"name":"(anonymous_18)","decl":{"start":{"line":18,"column":41},"end":{"line":18,"column":42}},"loc":{"start":{"line":18,"column":47},"end":{"line":18,"column":147}},"line":18},"19":{"name":"(anonymous_19)","decl":{"start":{"line":18,"column":70},"end":{"line":18,"column":71}},"loc":{"start":{"line":18,"column":76},"end":{"line":18,"column":146}},"line":18},"20":{"name":"(anonymous_20)","decl":{"start":{"line":19,"column":44},"end":{"line":19,"column":45}},"loc":{"start":{"line":19,"column":50},"end":{"line":19,"column":136}},"line":19},"21":{"name":"(anonymous_21)","decl":{"start":{"line":19,"column":73},"end":{"line":19,"column":74}},"loc":{"start":{"line":19,"column":79},"end":{"line":19,"column":135}},"line":19},"22":{"name":"(anonymous_22)","decl":{"start":{"line":20,"column":42},"end":{"line":20,"column":43}},"loc":{"start":{"line":20,"column":48},"end":{"line":20,"column":156}},"line":20},"23":{"name":"(anonymous_23)","decl":{"start":{"line":20,"column":71},"end":{"line":20,"column":72}},"loc":{"start":{"line":20,"column":77},"end":{"line":20,"column":155}},"line":20},"24":{"name":"(anonymous_24)","decl":{"start":{"line":21,"column":12},"end":{"line":21,"column":13}},"loc":{"start":{"line":21,"column":18},"end":{"line":32,"column":1}},"line":21}},"branchMap":{},"s":{"0":1,"1":1,"2":1,"3":1,"4":1,"5":1,"6":1,"7":1,"8":1,"9":1,"10":1,"11":1,"12":1,"13":1,"14":1,"15":1,"16":1,"17":1,"18":1,"19":1,"20":1,"21":1,"22":1,"23":1,"24":1,"25":1,"26":1,"27":1,"28":1,"29":1,"30":1,"31":1,"32":1,"33":1,"34":1,"35":1,"36":1,"37":1,"38":1,"39":1,"40":1,"41":1,"42":1,"43":1,"44":5,"45":5,"46":1},"f":{"0":1,"1":1,"2":1,"3":1,"4":1,"5":1,"6":1,"7":1,"8":1,"9":1,"10":1,"11":1,"12":1,"13":1,"14":1,"15":1,"16":1,"17":1,"18":1,"19":1,"20":1,"21":1,"22":1,"23":1,"24":5},"b":{},"_coverageSchema":"1a1c01bbd47fc00a2c39e90264f33305004495a9","hash":"68e05f1629bbc6d08040d3a5091c7d3362c132bc"}
,"C:\\Users\\Aryan\\OneDrive\\Desktop\\TypeScript\\typescript\\src\\Components\\InfiniteScroll\\ScrollerOnElement.tsx": {"path":"C:\\Users\\Aryan\\OneDrive\\Desktop\\TypeScript\\typescript\\src\\Components\\InfiniteScroll\\ScrollerOnElement.tsx","statementMap":{"0":{"start":{"line":2,"column":0},"end":{"line":2,"column":62}},"1":{"start":{"line":3,"column":16},"end":{"line":3,"column":32}},"2":{"start":{"line":4,"column":22},"end":{"line":4,"column":50}},"3":{"start":{"line":5,"column":16},"end":{"line":5,"column":32}},"4":{"start":{"line":6,"column":29},"end":{"line":6,"column":85}},"5":{"start":{"line":7,"column":24},"end":{"line":55,"column":1}},"6":{"start":{"line":8,"column":23},"end":{"line":8,"column":48}},"7":{"start":{"line":15,"column":22},"end":{"line":15,"column":48}},"8":{"start":{"line":17,"column":26},"end":{"line":17,"column":47}},"9":{"start":{"line":18,"column":25},"end":{"line":51,"column":5}},"10":{"start":{"line":19,"column":8},"end":{"line":21,"column":9}},"11":{"start":{"line":20,"column":12},"end":{"line":20,"column":19}},"12":{"start":{"line":22,"column":58},"end":{"line":22,"column":76}},"13":{"start":{"line":23,"column":26},"end":{"line":23,"column":29}},"14":{"start":{"line":24,"column":8},"end":{"line":50,"column":9}},"15":{"start":{"line":25,"column":12},"end":{"line":25,"column":37}},"16":{"start":{"line":27,"column":12},"end":{"line":29,"column":13}},"17":{"start":{"line":28,"column":16},"end":{"line":28,"column":52}},"18":{"start":{"line":30,"column":12},"end":{"line":49,"column":20}},"19":{"start":{"line":35,"column":16},"end":{"line":48,"column":19}},"20":{"start":{"line":36,"column":20},"end":{"line":43,"column":21}},"21":{"start":{"line":37,"column":24},"end":{"line":39,"column":27}},"22":{"start":{"line":38,"column":28},"end":{"line":38,"column":63}},"23":{"start":{"line":38,"column":52},"end":{"line":38,"column":61}},"24":{"start":{"line":42,"column":24},"end":{"line":42,"column":59}},"25":{"start":{"line":42,"column":48},"end":{"line":42,"column":57}},"26":{"start":{"line":45,"column":20},"end":{"line":47,"column":28}},"27":{"start":{"line":46,"column":24},"end":{"line":46,"column":50}},"28":{"start":{"line":52,"column":4},"end":{"line":54,"column":27}},"29":{"start":{"line":53,"column":20},"end":{"line":53,"column":87}},"30":{"start":{"line":56,"column":0},"end":{"line":56,"column":53}}},"fnMap":{"0":{"name":"(anonymous_0)","decl":{"start":{"line":7,"column":24},"end":{"line":7,"column":25}},"loc":{"start":{"line":7,"column":59},"end":{"line":55,"column":1}},"line":7},"1":{"name":"(anonymous_1)","decl":{"start":{"line":18,"column":25},"end":{"line":18,"column":26}},"loc":{"start":{"line":18,"column":31},"end":{"line":51,"column":5}},"line":18},"2":{"name":"(anonymous_2)","decl":{"start":{"line":30,"column":47},"end":{"line":30,"column":48}},"loc":{"start":{"line":30,"column":53},"end":{"line":49,"column":13}},"line":30},"3":{"name":"(anonymous_3)","decl":{"start":{"line":35,"column":38},"end":{"line":35,"column":39}},"loc":{"start":{"line":35,"column":44},"end":{"line":48,"column":17}},"line":35},"4":{"name":"(anonymous_4)","decl":{"start":{"line":37,"column":53},"end":{"line":37,"column":54}},"loc":{"start":{"line":37,"column":59},"end":{"line":39,"column":25}},"line":37},"5":{"name":"(anonymous_5)","decl":{"start":{"line":38,"column":42},"end":{"line":38,"column":43}},"loc":{"start":{"line":38,"column":52},"end":{"line":38,"column":61}},"line":38},"6":{"name":"(anonymous_6)","decl":{"start":{"line":42,"column":38},"end":{"line":42,"column":39}},"loc":{"start":{"line":42,"column":48},"end":{"line":42,"column":57}},"line":42},"7":{"name":"(anonymous_7)","decl":{"start":{"line":45,"column":31},"end":{"line":45,"column":32}},"loc":{"start":{"line":45,"column":37},"end":{"line":47,"column":21}},"line":45},"8":{"name":"(anonymous_8)","decl":{"start":{"line":52,"column":355},"end":{"line":52,"column":356}},"loc":{"start":{"line":52,"column":369},"end":{"line":54,"column":17}},"line":52}},"branchMap":{"0":{"loc":{"start":{"line":19,"column":8},"end":{"line":21,"column":9}},"type":"if","locations":[{"start":{"line":19,"column":8},"end":{"line":21,"column":9}},{"start":{},"end":{}}],"line":19},"1":{"loc":{"start":{"line":19,"column":12},"end":{"line":19,"column":52}},"type":"binary-expr","locations":[{"start":{"line":19,"column":12},"end":{"line":19,"column":31}},{"start":{"line":19,"column":35},"end":{"line":19,"column":52}}],"line":19},"2":{"loc":{"start":{"line":24,"column":8},"end":{"line":50,"column":9}},"type":"if","locations":[{"start":{"line":24,"column":8},"end":{"line":50,"column":9}},{"start":{},"end":{}}],"line":24},"3":{"loc":{"start":{"line":27,"column":12},"end":{"line":29,"column":13}},"type":"if","locations":[{"start":{"line":27,"column":12},"end":{"line":29,"column":13}},{"start":{},"end":{}}],"line":27},"4":{"loc":{"start":{"line":36,"column":20},"end":{"line":43,"column":21}},"type":"if","locations":[{"start":{"line":36,"column":20},"end":{"line":43,"column":21}},{"start":{"line":41,"column":25},"end":{"line":43,"column":21}}],"line":36}},"s":{"0":1,"1":1,"2":1,"3":1,"4":1,"5":1,"6":4,"7":4,"8":4,"9":4,"10":0,"11":0,"12":0,"13":0,"14":0,"15":0,"16":0,"17":0,"18":0,"19":0,"20":0,"21":0,"22":0,"23":0,"24":0,"25":0,"26":0,"27":0,"28":4,"29":200,"30":1},"f":{"0":4,"1":0,"2":0,"3":0,"4":0,"5":0,"6":0,"7":0,"8":200},"b":{"0":[0,0],"1":[0,0],"2":[0,0],"3":[0,0],"4":[0,0]},"_coverageSchema":"1a1c01bbd47fc00a2c39e90264f33305004495a9","hash":"c1a47908e83897326ce7bec1195cdca92997239e"}
,"C:\\Users\\Aryan\\OneDrive\\Desktop\\TypeScript\\typescript\\src\\Components\\Loader\\Loader.tsx": {"path":"C:\\Users\\Aryan\\OneDrive\\Desktop\\TypeScript\\typescript\\src\\Components\\Loader\\Loader.tsx","statementMap":{"0":{"start":{"line":2,"column":0},"end":{"line":2,"column":62}},"1":{"start":{"line":3,"column":16},"end":{"line":3,"column":32}},"2":{"start":{"line":4,"column":22},"end":{"line":4,"column":50}},"3":{"start":{"line":5,"column":28},"end":{"line":5,"column":83}},"4":{"start":{"line":6,"column":15},"end":{"line":8,"column":1}},"5":{"start":{"line":7,"column":4},"end":{"line":7,"column":214}},"6":{"start":{"line":9,"column":0},"end":{"line":9,"column":25}}},"fnMap":{"0":{"name":"(anonymous_0)","decl":{"start":{"line":6,"column":15},"end":{"line":6,"column":16}},"loc":{"start":{"line":6,"column":21},"end":{"line":8,"column":1}},"line":6}},"branchMap":{},"s":{"0":1,"1":1,"2":1,"3":1,"4":1,"5":1,"6":1},"f":{"0":1},"b":{},"_coverageSchema":"1a1c01bbd47fc00a2c39e90264f33305004495a9","hash":"bdfbf254d916364b4f9a4b0bbe599639aaccd40e"}
,"C:\\Users\\Aryan\\OneDrive\\Desktop\\TypeScript\\typescript\\src\\Components\\Modal\\Modal.tsx": {"path":"C:\\Users\\Aryan\\OneDrive\\Desktop\\TypeScript\\typescript\\src\\Components\\Modal\\Modal.tsx","statementMap":{"0":{"start":{"line":2,"column":0},"end":{"line":2,"column":62}},"1":{"start":{"line":3,"column":16},"end":{"line":3,"column":32}},"2":{"start":{"line":4,"column":22},"end":{"line":4,"column":50}},"3":{"start":{"line":5,"column":24},"end":{"line":5,"column":48}},"4":{"start":{"line":6,"column":27},"end":{"line":6,"column":81}},"5":{"start":{"line":7,"column":23},"end":{"line":84,"column":1}},"6":{"start":{"line":8,"column":26},"end":{"line":34,"column":5}},"7":{"start":{"line":35,"column":28},"end":{"line":45,"column":5}},"8":{"start":{"line":46,"column":25},"end":{"line":59,"column":5}},"9":{"start":{"line":60,"column":27},"end":{"line":82,"column":5}},"10":{"start":{"line":83,"column":4},"end":{"line":83,"column":1606}},"11":{"start":{"line":83,"column":494},"end":{"line":83,"column":513}},"12":{"start":{"line":85,"column":0},"end":{"line":85,"column":33}}},"fnMap":{"0":{"name":"(anonymous_0)","decl":{"start":{"line":7,"column":23},"end":{"line":7,"column":24}},"loc":{"start":{"line":7,"column":65},"end":{"line":84,"column":1}},"line":7},"1":{"name":"(anonymous_1)","decl":{"start":{"line":83,"column":487},"end":{"line":83,"column":488}},"loc":{"start":{"line":83,"column":494},"end":{"line":83,"column":513}},"line":83}},"branchMap":{"0":{"loc":{"start":{"line":83,"column":80},"end":{"line":83,"column":1601}},"type":"binary-expr","locations":[{"start":{"line":83,"column":80},"end":{"line":83,"column":86}},{"start":{"line":83,"column":91},"end":{"line":83,"column":1600}}],"line":83}},"s":{"0":1,"1":1,"2":1,"3":1,"4":1,"5":1,"6":4,"7":4,"8":4,"9":4,"10":4,"11":0,"12":1},"f":{"0":4,"1":0},"b":{"0":[4,0]},"_coverageSchema":"1a1c01bbd47fc00a2c39e90264f33305004495a9","hash":"6145b5b04729d3a23b3750c5c465d79eb6704f92"}
,"C:\\Users\\Aryan\\OneDrive\\Desktop\\TypeScript\\typescript\\src\\Components\\SuggestionField\\InputSuggestion.tsx": {"path":"C:\\Users\\Aryan\\OneDrive\\Desktop\\TypeScript\\typescript\\src\\Components\\SuggestionField\\InputSuggestion.tsx","statementMap":{"0":{"start":{"line":2,"column":0},"end":{"line":2,"column":62}},"1":{"start":{"line":3,"column":16},"end":{"line":3,"column":32}},"2":{"start":{"line":4,"column":22},"end":{"line":4,"column":50}},"3":{"start":{"line":5,"column":16},"end":{"line":5,"column":32}},"4":{"start":{"line":6,"column":27},"end":{"line":6,"column":81}},"5":{"start":{"line":7,"column":25},"end":{"line":23,"column":1}},"6":{"start":{"line":9,"column":40},"end":{"line":9,"column":74}},"7":{"start":{"line":11,"column":4},"end":{"line":13,"column":22}},"8":{"start":{"line":12,"column":8},"end":{"line":12,"column":35}},"9":{"start":{"line":14,"column":30},"end":{"line":17,"column":5}},"10":{"start":{"line":15,"column":8},"end":{"line":15,"column":38}},"11":{"start":{"line":16,"column":8},"end":{"line":16,"column":20}},"12":{"start":{"line":18,"column":31},"end":{"line":21,"column":5}},"13":{"start":{"line":19,"column":8},"end":{"line":19,"column":29}},"14":{"start":{"line":20,"column":8},"end":{"line":20,"column":31}},"15":{"start":{"line":22,"column":4},"end":{"line":22,"column":493}},"16":{"start":{"line":25,"column":0},"end":{"line":25,"column":50}},"17":{"start":{"line":26,"column":0},"end":{"line":26,"column":54}},"18":{"start":{"line":27,"column":14},"end":{"line":35,"column":1}},"19":{"start":{"line":28,"column":21},"end":{"line":28,"column":46}},"20":{"start":{"line":29,"column":4},"end":{"line":33,"column":16}},"21":{"start":{"line":30,"column":8},"end":{"line":32,"column":9}},"22":{"start":{"line":31,"column":12},"end":{"line":31,"column":43}},"23":{"start":{"line":34,"column":4},"end":{"line":34,"column":158}},"24":{"start":{"line":36,"column":19},"end":{"line":36,"column":43}},"25":{"start":{"line":37,"column":19},"end":{"line":110,"column":1}},"26":{"start":{"line":38,"column":46},"end":{"line":38,"column":71}},"27":{"start":{"line":39,"column":20},"end":{"line":39,"column":45}},"28":{"start":{"line":41,"column":4},"end":{"line":43,"column":39}},"29":{"start":{"line":42,"column":8},"end":{"line":42,"column":29}},"30":{"start":{"line":44,"column":26},"end":{"line":75,"column":57}},"31":{"start":{"line":46,"column":8},"end":{"line":47,"column":19}},"32":{"start":{"line":47,"column":12},"end":{"line":47,"column":19}},"33":{"start":{"line":48,"column":8},"end":{"line":74,"column":9}},"34":{"start":{"line":50,"column":16},"end":{"line":50,"column":35}},"35":{"start":{"line":51,"column":16},"end":{"line":55,"column":19}},"36":{"start":{"line":52,"column":38},"end":{"line":52,"column":89}},"37":{"start":{"line":53,"column":20},"end":{"line":53,"column":50}},"38":{"start":{"line":54,"column":20},"end":{"line":54,"column":37}},"39":{"start":{"line":56,"column":16},"end":{"line":56,"column":22}},"40":{"start":{"line":58,"column":16},"end":{"line":58,"column":35}},"41":{"start":{"line":59,"column":16},"end":{"line":63,"column":19}},"42":{"start":{"line":60,"column":38},"end":{"line":60,"column":61}},"43":{"start":{"line":61,"column":20},"end":{"line":61,"column":50}},"44":{"start":{"line":62,"column":20},"end":{"line":62,"column":37}},"45":{"start":{"line":64,"column":16},"end":{"line":64,"column":22}},"46":{"start":{"line":66,"column":16},"end":{"line":66,"column":35}},"47":{"start":{"line":67,"column":16},"end":{"line":69,"column":17}},"48":{"start":{"line":68,"column":20},"end":{"line":68,"column":74}},"49":{"start":{"line":70,"column":16},"end":{"line":70,"column":22}},"50":{"start":{"line":72,"column":16},"end":{"line":72,"column":37}},"51":{"start":{"line":73,"column":16},"end":{"line":73,"column":22}},"52":{"start":{"line":76,"column":4},"end":{"line":79,"column":24}},"53":{"start":{"line":77,"column":8},"end":{"line":77,"column":58}},"54":{"start":{"line":78,"column":8},"end":{"line":78,"column":74}},"55":{"start":{"line":78,"column":21},"end":{"line":78,"column":73}},"56":{"start":{"line":81,"column":31},"end":{"line":95,"column":5}},"57":{"start":{"line":83,"column":8},"end":{"line":94,"column":9}},"58":{"start":{"line":86,"column":28},"end":{"line":86,"column":59}},"59":{"start":{"line":87,"column":12},"end":{"line":93,"column":13}},"60":{"start":{"line":89,"column":16},"end":{"line":92,"column":19}},"61":{"start":{"line":97,"column":4},"end":{"line":99,"column":5}},"62":{"start":{"line":98,"column":8},"end":{"line":98,"column":20}},"63":{"start":{"line":101,"column":4},"end":{"line":103,"column":5}},"64":{"start":{"line":102,"column":8},"end":{"line":102,"column":220}},"65":{"start":{"line":104,"column":4},"end":{"line":109,"column":15}},"66":{"start":{"line":105,"column":12},"end":{"line":108,"column":53}},"67":{"start":{"line":106,"column":20},"end":{"line":106,"column":48}},"68":{"start":{"line":107,"column":20},"end":{"line":107,"column":44}},"69":{"start":{"line":111,"column":22},"end":{"line":111,"column":51}}},"fnMap":{"0":{"name":"(anonymous_0)","decl":{"start":{"line":7,"column":25},"end":{"line":7,"column":26}},"loc":{"start":{"line":7,"column":148},"end":{"line":23,"column":1}},"line":7},"1":{"name":"(anonymous_1)","decl":{"start":{"line":11,"column":27},"end":{"line":11,"column":28}},"loc":{"start":{"line":11,"column":33},"end":{"line":13,"column":5}},"line":11},"2":{"name":"(anonymous_2)","decl":{"start":{"line":14,"column":30},"end":{"line":14,"column":31}},"loc":{"start":{"line":14,"column":37},"end":{"line":17,"column":5}},"line":14},"3":{"name":"(anonymous_3)","decl":{"start":{"line":18,"column":31},"end":{"line":18,"column":32}},"loc":{"start":{"line":18,"column":42},"end":{"line":21,"column":5}},"line":18},"4":{"name":"(anonymous_4)","decl":{"start":{"line":27,"column":14},"end":{"line":27,"column":15}},"loc":{"start":{"line":27,"column":77},"end":{"line":35,"column":1}},"line":27},"5":{"name":"(anonymous_5)","decl":{"start":{"line":29,"column":27},"end":{"line":29,"column":28}},"loc":{"start":{"line":29,"column":33},"end":{"line":33,"column":5}},"line":29},"6":{"name":"(anonymous_6)","decl":{"start":{"line":37,"column":19},"end":{"line":37,"column":20}},"loc":{"start":{"line":37,"column":75},"end":{"line":110,"column":1}},"line":37},"7":{"name":"(anonymous_7)","decl":{"start":{"line":41,"column":27},"end":{"line":41,"column":28}},"loc":{"start":{"line":41,"column":33},"end":{"line":43,"column":5}},"line":41},"8":{"name":"(anonymous_8)","decl":{"start":{"line":44,"column":51},"end":{"line":44,"column":52}},"loc":{"start":{"line":44,"column":58},"end":{"line":75,"column":5}},"line":44},"9":{"name":"(anonymous_9)","decl":{"start":{"line":51,"column":33},"end":{"line":51,"column":34}},"loc":{"start":{"line":51,"column":43},"end":{"line":55,"column":17}},"line":51},"10":{"name":"(anonymous_10)","decl":{"start":{"line":59,"column":33},"end":{"line":59,"column":34}},"loc":{"start":{"line":59,"column":43},"end":{"line":63,"column":17}},"line":59},"11":{"name":"(anonymous_11)","decl":{"start":{"line":76,"column":27},"end":{"line":76,"column":28}},"loc":{"start":{"line":76,"column":33},"end":{"line":79,"column":5}},"line":76},"12":{"name":"(anonymous_12)","decl":{"start":{"line":78,"column":15},"end":{"line":78,"column":16}},"loc":{"start":{"line":78,"column":21},"end":{"line":78,"column":73}},"line":78},"13":{"name":"(anonymous_13)","decl":{"start":{"line":81,"column":31},"end":{"line":81,"column":32}},"loc":{"start":{"line":81,"column":42},"end":{"line":95,"column":5}},"line":81},"14":{"name":"(anonymous_14)","decl":{"start":{"line":104,"column":184},"end":{"line":104,"column":185}},"loc":{"start":{"line":104,"column":201},"end":{"line":109,"column":9}},"line":104},"15":{"name":"(anonymous_15)","decl":{"start":{"line":105,"column":281},"end":{"line":105,"column":282}},"loc":{"start":{"line":105,"column":287},"end":{"line":108,"column":17}},"line":105}},"branchMap":{"0":{"loc":{"start":{"line":7,"column":28},"end":{"line":7,"column":41}},"type":"default-arg","locations":[{"start":{"line":7,"column":35},"end":{"line":7,"column":41}}],"line":7},"1":{"loc":{"start":{"line":7,"column":43},"end":{"line":7,"column":65}},"type":"default-arg","locations":[{"start":{"line":7,"column":57},"end":{"line":7,"column":65}}],"line":7},"2":{"loc":{"start":{"line":7,"column":67},"end":{"line":7,"column":81}},"type":"default-arg","locations":[{"start":{"line":7,"column":79},"end":{"line":7,"column":81}}],"line":7},"3":{"loc":{"start":{"line":7,"column":83},"end":{"line":7,"column":93}},"type":"default-arg","locations":[{"start":{"line":7,"column":91},"end":{"line":7,"column":93}}],"line":7},"4":{"loc":{"start":{"line":30,"column":8},"end":{"line":32,"column":9}},"type":"if","locations":[{"start":{"line":30,"column":8},"end":{"line":32,"column":9}},{"start":{},"end":{}}],"line":30},"5":{"loc":{"start":{"line":46,"column":8},"end":{"line":47,"column":19}},"type":"if","locations":[{"start":{"line":46,"column":8},"end":{"line":47,"column":19}},{"start":{},"end":{}}],"line":46},"6":{"loc":{"start":{"line":48,"column":8},"end":{"line":74,"column":9}},"type":"switch","locations":[{"start":{"line":49,"column":12},"end":{"line":56,"column":22}},{"start":{"line":57,"column":12},"end":{"line":64,"column":22}},{"start":{"line":65,"column":12},"end":{"line":70,"column":22}},{"start":{"line":71,"column":12},"end":{"line":73,"column":22}}],"line":48},"7":{"loc":{"start":{"line":52,"column":38},"end":{"line":52,"column":89}},"type":"cond-expr","locations":[{"start":{"line":52,"column":74},"end":{"line":52,"column":82}},{"start":{"line":52,"column":85},"end":{"line":52,"column":89}}],"line":52},"8":{"loc":{"start":{"line":60,"column":38},"end":{"line":60,"column":61}},"type":"cond-expr","locations":[{"start":{"line":60,"column":49},"end":{"line":60,"column":57}},{"start":{"line":60,"column":60},"end":{"line":60,"column":61}}],"line":60},"9":{"loc":{"start":{"line":67,"column":16},"end":{"line":69,"column":17}},"type":"if","locations":[{"start":{"line":67,"column":16},"end":{"line":69,"column":17}},{"start":{},"end":{}}],"line":67},"10":{"loc":{"start":{"line":67,"column":20},"end":{"line":67,"column":80}},"type":"binary-expr","locations":[{"start":{"line":67,"column":20},"end":{"line":67,"column":38}},{"start":{"line":67,"column":42},"end":{"line":67,"column":80}}],"line":67},"11":{"loc":{"start":{"line":83,"column":8},"end":{"line":94,"column":9}},"type":"if","locations":[{"start":{"line":83,"column":8},"end":{"line":94,"column":9}},{"start":{},"end":{}}],"line":83},"12":{"loc":{"start":{"line":87,"column":12},"end":{"line":93,"column":13}},"type":"if","locations":[{"start":{"line":87,"column":12},"end":{"line":93,"column":13}},{"start":{},"end":{}}],"line":87},"13":{"loc":{"start":{"line":97,"column":4},"end":{"line":99,"column":5}},"type":"if","locations":[{"start":{"line":97,"column":4},"end":{"line":99,"column":5}},{"start":{},"end":{}}],"line":97},"14":{"loc":{"start":{"line":101,"column":4},"end":{"line":103,"column":5}},"type":"if","locations":[{"start":{"line":101,"column":4},"end":{"line":103,"column":5}},{"start":{},"end":{}}],"line":101},"15":{"loc":{"start":{"line":101,"column":8},"end":{"line":101,"column":47}},"type":"binary-expr","locations":[{"start":{"line":101,"column":8},"end":{"line":101,"column":19}},{"start":{"line":101,"column":23},"end":{"line":101,"column":47}}],"line":101},"16":{"loc":{"start":{"line":105,"column":102},"end":{"line":105,"column":166}},"type":"cond-expr","locations":[{"start":{"line":105,"column":128},"end":{"line":105,"column":161}},{"start":{"line":105,"column":164},"end":{"line":105,"column":166}}],"line":105},"17":{"loc":{"start":{"line":105,"column":238},"end":{"line":105,"column":270}},"type":"cond-expr","locations":[{"start":{"line":105,"column":264},"end":{"line":105,"column":265}},{"start":{"line":105,"column":268},"end":{"line":105,"column":270}}],"line":105}},"s":{"0":1,"1":1,"2":1,"3":1,"4":1,"5":1,"6":0,"7":0,"8":0,"9":0,"10":0,"11":0,"12":0,"13":0,"14":0,"15":0,"16":1,"17":1,"18":1,"19":0,"20":0,"21":0,"22":0,"23":0,"24":1,"25":1,"26":0,"27":0,"28":0,"29":0,"30":0,"31":0,"32":0,"33":0,"34":0,"35":0,"36":0,"37":0,"38":0,"39":0,"40":0,"41":0,"42":0,"43":0,"44":0,"45":0,"46":0,"47":0,"48":0,"49":0,"50":0,"51":0,"52":0,"53":0,"54":0,"55":0,"56":0,"57":0,"58":0,"59":0,"60":0,"61":0,"62":0,"63":0,"64":0,"65":0,"66":0,"67":0,"68":0,"69":1},"f":{"0":0,"1":0,"2":0,"3":0,"4":0,"5":0,"6":0,"7":0,"8":0,"9":0,"10":0,"11":0,"12":0,"13":0,"14":0,"15":0},"b":{"0":[0],"1":[0],"2":[0],"3":[0],"4":[0,0],"5":[0,0],"6":[0,0,0,0],"7":[0,0],"8":[0,0],"9":[0,0],"10":[0,0],"11":[0,0],"12":[0,0],"13":[0,0],"14":[0,0],"15":[0,0],"16":[0,0],"17":[0,0]},"_coverageSchema":"1a1c01bbd47fc00a2c39e90264f33305004495a9","hash":"3b26579f8b445cf764a695f7deb7e9eb093d17e1"}
,"C:\\Users\\Aryan\\OneDrive\\Desktop\\TypeScript\\typescript\\src\\Pages\\Accordion\\Accordion.tsx": {"path":"C:\\Users\\Aryan\\OneDrive\\Desktop\\TypeScript\\typescript\\src\\Pages\\Accordion\\Accordion.tsx","statementMap":{"0":{"start":{"line":2,"column":0},"end":{"line":2,"column":62}},"1":{"start":{"line":3,"column":16},"end":{"line":3,"column":32}},"2":{"start":{"line":4,"column":22},"end":{"line":4,"column":50}},"3":{"start":{"line":5,"column":16},"end":{"line":5,"column":32}},"4":{"start":{"line":6,"column":14},"end":{"line":6,"column":66}},"5":{"start":{"line":7,"column":17},"end":{"line":7,"column":83}},"6":{"start":{"line":8,"column":28},"end":{"line":8,"column":83}},"7":{"start":{"line":9,"column":22},"end":{"line":46,"column":1}},"8":{"start":{"line":47,"column":27},"end":{"line":49,"column":1}},"9":{"start":{"line":48,"column":4},"end":{"line":48,"column":216}},"10":{"start":{"line":50,"column":0},"end":{"line":50,"column":37}},"11":{"start":{"line":51,"column":18},"end":{"line":79,"column":1}},"12":{"start":{"line":52,"column":32},"end":{"line":52,"column":59}},"13":{"start":{"line":64,"column":24},"end":{"line":75,"column":5}},"14":{"start":{"line":65,"column":23},"end":{"line":65,"column":35}},"15":{"start":{"line":66,"column":25},"end":{"line":66,"column":65}},"16":{"start":{"line":67,"column":8},"end":{"line":74,"column":11}},"17":{"start":{"line":68,"column":12},"end":{"line":73,"column":16}},"18":{"start":{"line":69,"column":16},"end":{"line":72,"column":18}},"19":{"start":{"line":76,"column":4},"end":{"line":78,"column":15}},"20":{"start":{"line":77,"column":12},"end":{"line":77,"column":685}}},"fnMap":{"0":{"name":"(anonymous_0)","decl":{"start":{"line":47,"column":27},"end":{"line":47,"column":28}},"loc":{"start":{"line":47,"column":33},"end":{"line":49,"column":1}},"line":47},"1":{"name":"(anonymous_1)","decl":{"start":{"line":51,"column":18},"end":{"line":51,"column":19}},"loc":{"start":{"line":51,"column":32},"end":{"line":79,"column":1}},"line":51},"2":{"name":"(anonymous_2)","decl":{"start":{"line":64,"column":24},"end":{"line":64,"column":25}},"loc":{"start":{"line":64,"column":35},"end":{"line":75,"column":5}},"line":64},"3":{"name":"(anonymous_3)","decl":{"start":{"line":67,"column":37},"end":{"line":67,"column":38}},"loc":{"start":{"line":67,"column":43},"end":{"line":74,"column":9}},"line":67},"4":{"name":"(anonymous_4)","decl":{"start":{"line":68,"column":33},"end":{"line":68,"column":34}},"loc":{"start":{"line":68,"column":43},"end":{"line":73,"column":13}},"line":68},"5":{"name":"(anonymous_5)","decl":{"start":{"line":76,"column":199},"end":{"line":76,"column":200}},"loc":{"start":{"line":76,"column":209},"end":{"line":78,"column":9}},"line":76}},"branchMap":{"0":{"loc":{"start":{"line":66,"column":36},"end":{"line":66,"column":64}},"type":"binary-expr","locations":[{"start":{"line":66,"column":36},"end":{"line":66,"column":56}},{"start":{"line":66,"column":60},"end":{"line":66,"column":64}}],"line":66},"1":{"loc":{"start":{"line":71,"column":28},"end":{"line":71,"column":74}},"type":"cond-expr","locations":[{"start":{"line":71,"column":54},"end":{"line":71,"column":66}},{"start":{"line":71,"column":69},"end":{"line":71,"column":74}}],"line":71},"2":{"loc":{"start":{"line":77,"column":260},"end":{"line":77,"column":430}},"type":"cond-expr","locations":[{"start":{"line":77,"column":275},"end":{"line":77,"column":349}},{"start":{"line":77,"column":354},"end":{"line":77,"column":429}}],"line":77},"3":{"loc":{"start":{"line":77,"column":524},"end":{"line":77,"column":670}},"type":"binary-expr","locations":[{"start":{"line":77,"column":524},"end":{"line":77,"column":535}},{"start":{"line":77,"column":540},"end":{"line":77,"column":669}}],"line":77}},"s":{"0":1,"1":1,"2":1,"3":1,"4":1,"5":1,"6":1,"7":1,"8":1,"9":4,"10":1,"11":1,"12":4,"13":4,"14":0,"15":0,"16":0,"17":0,"18":0,"19":4,"20":24},"f":{"0":4,"1":4,"2":0,"3":0,"4":0,"5":24},"b":{"0":[0,0],"1":[0,0],"2":[0,24],"3":[24,0]},"_coverageSchema":"1a1c01bbd47fc00a2c39e90264f33305004495a9","hash":"a493453a1e3f781b343dce332bc9746bc3f051f7"}
,"C:\\Users\\Aryan\\OneDrive\\Desktop\\TypeScript\\typescript\\src\\Pages\\AutoSuggestion\\AutoSuggestion.tsx": {"path":"C:\\Users\\Aryan\\OneDrive\\Desktop\\TypeScript\\typescript\\src\\Pages\\AutoSuggestion\\AutoSuggestion.tsx","statementMap":{"0":{"start":{"line":2,"column":0},"end":{"line":2,"column":62}},"1":{"start":{"line":3,"column":16},"end":{"line":3,"column":32}},"2":{"start":{"line":4,"column":22},"end":{"line":4,"column":50}},"3":{"start":{"line":5,"column":16},"end":{"line":5,"column":32}},"4":{"start":{"line":6,"column":32},"end":{"line":6,"column":91}},"5":{"start":{"line":7,"column":26},"end":{"line":7,"column":110}},"6":{"start":{"line":8,"column":12},"end":{"line":8,"column":44}},"7":{"start":{"line":9,"column":23},"end":{"line":61,"column":1}},"8":{"start":{"line":10,"column":28},"end":{"line":10,"column":53}},"9":{"start":{"line":11,"column":38},"end":{"line":11,"column":65}},"10":{"start":{"line":12,"column":34},"end":{"line":12,"column":59}},"11":{"start":{"line":13,"column":40},"end":{"line":13,"column":65}},"12":{"start":{"line":14,"column":26},"end":{"line":29,"column":5}},"13":{"start":{"line":15,"column":8},"end":{"line":28,"column":9}},"14":{"start":{"line":16,"column":29},"end":{"line":16,"column":45}},"15":{"start":{"line":17,"column":12},"end":{"line":19,"column":13}},"16":{"start":{"line":18,"column":16},"end":{"line":18,"column":60}},"17":{"start":{"line":20,"column":28},"end":{"line":20,"column":49}},"18":{"start":{"line":21,"column":12},"end":{"line":21,"column":38}},"19":{"start":{"line":24,"column":12},"end":{"line":24,"column":38}},"20":{"start":{"line":27,"column":12},"end":{"line":27,"column":32}},"21":{"start":{"line":30,"column":4},"end":{"line":32,"column":11}},"22":{"start":{"line":31,"column":8},"end":{"line":31,"column":24}},"23":{"start":{"line":33,"column":22},"end":{"line":43,"column":5}},"24":{"start":{"line":35,"column":8},"end":{"line":42,"column":10}},"25":{"start":{"line":36,"column":12},"end":{"line":38,"column":13}},"26":{"start":{"line":37,"column":16},"end":{"line":37,"column":36}},"27":{"start":{"line":39,"column":12},"end":{"line":41,"column":22}},"28":{"start":{"line":40,"column":16},"end":{"line":40,"column":48}},"29":{"start":{"line":44,"column":29},"end":{"line":46,"column":5}},"30":{"start":{"line":45,"column":8},"end":{"line":45,"column":42}},"31":{"start":{"line":47,"column":30},"end":{"line":47,"column":63}},"32":{"start":{"line":48,"column":33},"end":{"line":50,"column":26}},"33":{"start":{"line":49,"column":8},"end":{"line":49,"column":105}},"34":{"start":{"line":49,"column":37},"end":{"line":49,"column":103}},"35":{"start":{"line":51,"column":4},"end":{"line":53,"column":5}},"36":{"start":{"line":52,"column":8},"end":{"line":52,"column":104}},"37":{"start":{"line":54,"column":4},"end":{"line":56,"column":5}},"38":{"start":{"line":55,"column":8},"end":{"line":55,"column":68}},"39":{"start":{"line":57,"column":30},"end":{"line":59,"column":5}},"40":{"start":{"line":58,"column":8},"end":{"line":58,"column":29}},"41":{"start":{"line":60,"column":4},"end":{"line":60,"column":517}},"42":{"start":{"line":60,"column":393},"end":{"line":60,"column":425}},"43":{"start":{"line":62,"column":0},"end":{"line":62,"column":33}},"44":{"start":{"line":63,"column":21},"end":{"line":70,"column":1}},"45":{"start":{"line":64,"column":4},"end":{"line":66,"column":5}},"46":{"start":{"line":65,"column":8},"end":{"line":65,"column":81}},"47":{"start":{"line":67,"column":4},"end":{"line":69,"column":22}},"48":{"start":{"line":68,"column":16},"end":{"line":68,"column":453}},"49":{"start":{"line":71,"column":21},"end":{"line":71,"column":52}}},"fnMap":{"0":{"name":"(anonymous_0)","decl":{"start":{"line":9,"column":23},"end":{"line":9,"column":24}},"loc":{"start":{"line":9,"column":29},"end":{"line":61,"column":1}},"line":9},"1":{"name":"(anonymous_1)","decl":{"start":{"line":14,"column":26},"end":{"line":14,"column":27}},"loc":{"start":{"line":14,"column":38},"end":{"line":29,"column":5}},"line":14},"2":{"name":"(anonymous_2)","decl":{"start":{"line":30,"column":27},"end":{"line":30,"column":28}},"loc":{"start":{"line":30,"column":33},"end":{"line":32,"column":5}},"line":30},"3":{"name":"(anonymous_3)","decl":{"start":{"line":33,"column":22},"end":{"line":33,"column":23}},"loc":{"start":{"line":33,"column":46},"end":{"line":43,"column":5}},"line":33},"4":{"name":"(anonymous_4)","decl":{"start":{"line":35,"column":15},"end":{"line":35,"column":16}},"loc":{"start":{"line":35,"column":34},"end":{"line":42,"column":9}},"line":35},"5":{"name":"(anonymous_5)","decl":{"start":{"line":39,"column":31},"end":{"line":39,"column":32}},"loc":{"start":{"line":39,"column":37},"end":{"line":41,"column":13}},"line":39},"6":{"name":"(anonymous_6)","decl":{"start":{"line":44,"column":29},"end":{"line":44,"column":30}},"loc":{"start":{"line":44,"column":40},"end":{"line":46,"column":5}},"line":44},"7":{"name":"(anonymous_7)","decl":{"start":{"line":48,"column":54},"end":{"line":48,"column":55}},"loc":{"start":{"line":48,"column":60},"end":{"line":50,"column":5}},"line":48},"8":{"name":"(anonymous_8)","decl":{"start":{"line":49,"column":27},"end":{"line":49,"column":28}},"loc":{"start":{"line":49,"column":37},"end":{"line":49,"column":103}},"line":49},"9":{"name":"(anonymous_9)","decl":{"start":{"line":57,"column":30},"end":{"line":57,"column":31}},"loc":{"start":{"line":57,"column":41},"end":{"line":59,"column":5}},"line":57},"10":{"name":"(anonymous_10)","decl":{"start":{"line":60,"column":374},"end":{"line":60,"column":375}},"loc":{"start":{"line":60,"column":393},"end":{"line":60,"column":425}},"line":60},"11":{"name":"(anonymous_11)","decl":{"start":{"line":63,"column":21},"end":{"line":63,"column":22}},"loc":{"start":{"line":63,"column":45},"end":{"line":70,"column":1}},"line":63},"12":{"name":"(anonymous_12)","decl":{"start":{"line":67,"column":172},"end":{"line":67,"column":173}},"loc":{"start":{"line":67,"column":182},"end":{"line":69,"column":13}},"line":67}},"branchMap":{"0":{"loc":{"start":{"line":17,"column":12},"end":{"line":19,"column":13}},"type":"if","locations":[{"start":{"line":17,"column":12},"end":{"line":19,"column":13}},{"start":{},"end":{}}],"line":17},"1":{"loc":{"start":{"line":36,"column":12},"end":{"line":38,"column":13}},"type":"if","locations":[{"start":{"line":36,"column":12},"end":{"line":38,"column":13}},{"start":{},"end":{}}],"line":36},"2":{"loc":{"start":{"line":51,"column":4},"end":{"line":53,"column":5}},"type":"if","locations":[{"start":{"line":51,"column":4},"end":{"line":53,"column":5}},{"start":{},"end":{}}],"line":51},"3":{"loc":{"start":{"line":54,"column":4},"end":{"line":56,"column":5}},"type":"if","locations":[{"start":{"line":54,"column":4},"end":{"line":56,"column":5}},{"start":{},"end":{}}],"line":54},"4":{"loc":{"start":{"line":64,"column":4},"end":{"line":66,"column":5}},"type":"if","locations":[{"start":{"line":64,"column":4},"end":{"line":66,"column":5}},{"start":{},"end":{}}],"line":64}},"s":{"0":1,"1":1,"2":1,"3":1,"4":1,"5":1,"6":1,"7":1,"8":8,"9":8,"10":8,"11":8,"12":8,"13":4,"14":4,"15":0,"16":0,"17":0,"18":0,"19":4,"20":4,"21":8,"22":4,"23":8,"24":8,"25":0,"26":0,"27":0,"28":0,"29":8,"30":0,"31":8,"32":8,"33":4,"34":0,"35":8,"36":4,"37":4,"38":4,"39":0,"40":0,"41":0,"42":0,"43":1,"44":1,"45":0,"46":0,"47":0,"48":0,"49":1},"f":{"0":8,"1":4,"2":4,"3":8,"4":0,"5":0,"6":0,"7":4,"8":0,"9":0,"10":0,"11":0,"12":0},"b":{"0":[0,0],"1":[0,0],"2":[4,4],"3":[4,0],"4":[0,0]},"_coverageSchema":"1a1c01bbd47fc00a2c39e90264f33305004495a9","hash":"1c3a6b0e59accd4fc0e821cb7d277e7b0f5e7464"}
,"C:\\Users\\Aryan\\OneDrive\\Desktop\\TypeScript\\typescript\\src\\Pages\\Message\\Message.tsx": {"path":"C:\\Users\\Aryan\\OneDrive\\Desktop\\TypeScript\\typescript\\src\\Pages\\Message\\Message.tsx","statementMap":{"0":{"start":{"line":2,"column":0},"end":{"line":2,"column":62}},"1":{"start":{"line":3,"column":16},"end":{"line":3,"column":32}},"2":{"start":{"line":4,"column":22},"end":{"line":4,"column":50}},"3":{"start":{"line":5,"column":16},"end":{"line":5,"column":32}},"4":{"start":{"line":6,"column":29},"end":{"line":6,"column":85}},"5":{"start":{"line":7,"column":16},"end":{"line":7,"column":80}},"6":{"start":{"line":8,"column":25},"end":{"line":13,"column":1}},"7":{"start":{"line":9,"column":42},"end":{"line":9,"column":70}},"8":{"start":{"line":10,"column":22},"end":{"line":10,"column":48}},"9":{"start":{"line":10,"column":28},"end":{"line":10,"column":48}},"10":{"start":{"line":11,"column":23},"end":{"line":11,"column":50}},"11":{"start":{"line":11,"column":29},"end":{"line":11,"column":50}},"12":{"start":{"line":12,"column":4},"end":{"line":12,"column":1198}},"13":{"start":{"line":14,"column":0},"end":{"line":14,"column":35}}},"fnMap":{"0":{"name":"(anonymous_0)","decl":{"start":{"line":8,"column":25},"end":{"line":8,"column":26}},"loc":{"start":{"line":8,"column":31},"end":{"line":13,"column":1}},"line":8},"1":{"name":"(anonymous_1)","decl":{"start":{"line":10,"column":22},"end":{"line":10,"column":23}},"loc":{"start":{"line":10,"column":28},"end":{"line":10,"column":48}},"line":10},"2":{"name":"(anonymous_2)","decl":{"start":{"line":11,"column":23},"end":{"line":11,"column":24}},"loc":{"start":{"line":11,"column":29},"end":{"line":11,"column":50}},"line":11}},"branchMap":{},"s":{"0":1,"1":1,"2":1,"3":1,"4":1,"5":1,"6":1,"7":4,"8":4,"9":0,"10":4,"11":0,"12":4,"13":1},"f":{"0":4,"1":0,"2":0},"b":{},"_coverageSchema":"1a1c01bbd47fc00a2c39e90264f33305004495a9","hash":"251ae89209a24b9d8d4f97c8dff1efcbdd40f12d"}
,"C:\\Users\\Aryan\\OneDrive\\Desktop\\TypeScript\\typescript\\src\\Pages\\OTP\\OtpFieldTwo.tsx": {"path":"C:\\Users\\Aryan\\OneDrive\\Desktop\\TypeScript\\typescript\\src\\Pages\\OTP\\OtpFieldTwo.tsx","statementMap":{"0":{"start":{"line":2,"column":0},"end":{"line":2,"column":62}},"1":{"start":{"line":3,"column":0},"end":{"line":3,"column":36}},"2":{"start":{"line":4,"column":16},"end":{"line":4,"column":32}},"3":{"start":{"line":5,"column":22},"end":{"line":5,"column":50}},"4":{"start":{"line":6,"column":16},"end":{"line":6,"column":32}},"5":{"start":{"line":7,"column":25},"end":{"line":7,"column":77}},"6":{"start":{"line":9,"column":40},"end":{"line":9,"column":79}},"7":{"start":{"line":10,"column":23},"end":{"line":10,"column":46}},"8":{"start":{"line":11,"column":25},"end":{"line":20,"column":5}},"9":{"start":{"line":12,"column":25},"end":{"line":12,"column":40}},"10":{"start":{"line":13,"column":8},"end":{"line":13,"column":51}},"11":{"start":{"line":14,"column":8},"end":{"line":16,"column":9}},"12":{"start":{"line":15,"column":12},"end":{"line":15,"column":56}},"13":{"start":{"line":17,"column":8},"end":{"line":19,"column":11}},"14":{"start":{"line":18,"column":12},"end":{"line":18,"column":36}},"15":{"start":{"line":21,"column":26},"end":{"line":25,"column":5}},"16":{"start":{"line":22,"column":8},"end":{"line":24,"column":9}},"17":{"start":{"line":23,"column":12},"end":{"line":23,"column":50}},"18":{"start":{"line":26,"column":24},"end":{"line":46,"column":20}},"19":{"start":{"line":28,"column":8},"end":{"line":28,"column":31}},"20":{"start":{"line":30,"column":27},"end":{"line":33,"column":22}},"21":{"start":{"line":35,"column":8},"end":{"line":41,"column":11}},"22":{"start":{"line":36,"column":34},"end":{"line":36,"column":60}},"23":{"start":{"line":37,"column":12},"end":{"line":39,"column":13}},"24":{"start":{"line":37,"column":25},"end":{"line":37,"column":26}},"25":{"start":{"line":38,"column":16},"end":{"line":38,"column":49}},"26":{"start":{"line":40,"column":12},"end":{"line":40,"column":33}},"27":{"start":{"line":43,"column":8},"end":{"line":45,"column":11}},"28":{"start":{"line":44,"column":12},"end":{"line":44,"column":63}},"29":{"start":{"line":47,"column":4},"end":{"line":49,"column":27}},"30":{"start":{"line":48,"column":20},"end":{"line":48,"column":235}},"31":{"start":{"line":51,"column":17},"end":{"line":53,"column":1}},"32":{"start":{"line":52,"column":4},"end":{"line":52,"column":334}},"33":{"start":{"line":52,"column":124},"end":{"line":52,"column":155}},"34":{"start":{"line":52,"column":227},"end":{"line":52,"column":253}},"35":{"start":{"line":52,"column":277},"end":{"line":52,"column":304}}},"fnMap":{"0":{"name":"InputFocusPartTwo","decl":{"start":{"line":8,"column":9},"end":{"line":8,"column":26}},"loc":{"start":{"line":8,"column":29},"end":{"line":50,"column":1}},"line":8},"1":{"name":"(anonymous_1)","decl":{"start":{"line":11,"column":25},"end":{"line":11,"column":26}},"loc":{"start":{"line":11,"column":49},"end":{"line":20,"column":5}},"line":11},"2":{"name":"(anonymous_2)","decl":{"start":{"line":17,"column":37},"end":{"line":17,"column":38}},"loc":{"start":{"line":17,"column":43},"end":{"line":19,"column":9}},"line":17},"3":{"name":"(anonymous_3)","decl":{"start":{"line":21,"column":26},"end":{"line":21,"column":27}},"loc":{"start":{"line":21,"column":44},"end":{"line":25,"column":5}},"line":21},"4":{"name":"(anonymous_4)","decl":{"start":{"line":26,"column":49},"end":{"line":26,"column":50}},"loc":{"start":{"line":26,"column":60},"end":{"line":46,"column":5}},"line":26},"5":{"name":"(anonymous_5)","decl":{"start":{"line":35,"column":22},"end":{"line":35,"column":23}},"loc":{"start":{"line":35,"column":34},"end":{"line":41,"column":9}},"line":35},"6":{"name":"(anonymous_6)","decl":{"start":{"line":43,"column":30},"end":{"line":43,"column":31}},"loc":{"start":{"line":43,"column":36},"end":{"line":45,"column":9}},"line":43},"7":{"name":"(anonymous_7)","decl":{"start":{"line":47,"column":215},"end":{"line":47,"column":216}},"loc":{"start":{"line":47,"column":233},"end":{"line":49,"column":17}},"line":47},"8":{"name":"(anonymous_8)","decl":{"start":{"line":51,"column":17},"end":{"line":51,"column":18}},"loc":{"start":{"line":51,"column":108},"end":{"line":53,"column":1}},"line":51},"9":{"name":"(anonymous_9)","decl":{"start":{"line":52,"column":112},"end":{"line":52,"column":113}},"loc":{"start":{"line":52,"column":124},"end":{"line":52,"column":155}},"line":52},"10":{"name":"(anonymous_10)","decl":{"start":{"line":52,"column":216},"end":{"line":52,"column":217}},"loc":{"start":{"line":52,"column":227},"end":{"line":52,"column":253}},"line":52},"11":{"name":"(anonymous_11)","decl":{"start":{"line":52,"column":266},"end":{"line":52,"column":267}},"loc":{"start":{"line":52,"column":277},"end":{"line":52,"column":304}},"line":52}},"branchMap":{"0":{"loc":{"start":{"line":14,"column":8},"end":{"line":16,"column":9}},"type":"if","locations":[{"start":{"line":14,"column":8},"end":{"line":16,"column":9}},{"start":{},"end":{}}],"line":14},"1":{"loc":{"start":{"line":14,"column":12},"end":{"line":14,"column":75}},"type":"binary-expr","locations":[{"start":{"line":14,"column":12},"end":{"line":14,"column":47}},{"start":{"line":14,"column":51},"end":{"line":14,"column":75}}],"line":14},"2":{"loc":{"start":{"line":22,"column":8},"end":{"line":24,"column":9}},"type":"if","locations":[{"start":{"line":22,"column":8},"end":{"line":24,"column":9}},{"start":{},"end":{}}],"line":22},"3":{"loc":{"start":{"line":22,"column":12},"end":{"line":22,"column":69}},"type":"binary-expr","locations":[{"start":{"line":22,"column":12},"end":{"line":22,"column":38}},{"start":{"line":22,"column":42},"end":{"line":22,"column":47}},{"start":{"line":22,"column":51},"end":{"line":22,"column":69}}],"line":22}},"s":{"0":1,"1":1,"2":1,"3":1,"4":1,"5":1,"6":4,"7":4,"8":4,"9":0,"10":0,"11":0,"12":0,"13":0,"14":0,"15":4,"16":0,"17":0,"18":4,"19":0,"20":0,"21":0,"22":0,"23":0,"24":0,"25":0,"26":0,"27":0,"28":0,"29":4,"30":16,"31":1,"32":16,"33":32,"34":0,"35":0},"f":{"0":4,"1":0,"2":0,"3":0,"4":0,"5":0,"6":0,"7":16,"8":16,"9":32,"10":0,"11":0},"b":{"0":[0,0],"1":[0,0],"2":[0,0],"3":[0,0,0]},"_coverageSchema":"1a1c01bbd47fc00a2c39e90264f33305004495a9","hash":"e85052b6dc57aa9cb7e375ec8388dd019f6aed9f"}
,"C:\\Users\\Aryan\\OneDrive\\Desktop\\TypeScript\\typescript\\src\\Pages\\PausableCounter\\PausableCounter.tsx": {"path":"C:\\Users\\Aryan\\OneDrive\\Desktop\\TypeScript\\typescript\\src\\Pages\\PausableCounter\\PausableCounter.tsx","statementMap":{"0":{"start":{"line":2,"column":0},"end":{"line":2,"column":62}},"1":{"start":{"line":3,"column":16},"end":{"line":3,"column":32}},"2":{"start":{"line":4,"column":22},"end":{"line":4,"column":50}},"3":{"start":{"line":5,"column":24},"end":{"line":5,"column":48}},"4":{"start":{"line":6,"column":16},"end":{"line":6,"column":32}},"5":{"start":{"line":7,"column":17},"end":{"line":7,"column":83}},"6":{"start":{"line":8,"column":27},"end":{"line":8,"column":81}},"7":{"start":{"line":10,"column":23},"end":{"line":38,"column":1}},"8":{"start":{"line":39,"column":24},"end":{"line":100,"column":1}},"9":{"start":{"line":40,"column":30},"end":{"line":40,"column":54}},"10":{"start":{"line":41,"column":40},"end":{"line":41,"column":67}},"11":{"start":{"line":42,"column":38},"end":{"line":42,"column":66}},"12":{"start":{"line":43,"column":36},"end":{"line":43,"column":64}},"13":{"start":{"line":45,"column":4},"end":{"line":51,"column":21}},"14":{"start":{"line":46,"column":8},"end":{"line":50,"column":10}},"15":{"start":{"line":47,"column":12},"end":{"line":49,"column":13}},"16":{"start":{"line":48,"column":16},"end":{"line":48,"column":42}},"17":{"start":{"line":52,"column":24},"end":{"line":60,"column":5}},"18":{"start":{"line":53,"column":8},"end":{"line":59,"column":9}},"19":{"start":{"line":54,"column":23},"end":{"line":56,"column":20}},"20":{"start":{"line":55,"column":16},"end":{"line":55,"column":55}},"21":{"start":{"line":55,"column":40},"end":{"line":55,"column":53}},"22":{"start":{"line":57,"column":12},"end":{"line":57,"column":30}},"23":{"start":{"line":58,"column":12},"end":{"line":58,"column":31}},"24":{"start":{"line":61,"column":24},"end":{"line":67,"column":5}},"25":{"start":{"line":62,"column":8},"end":{"line":66,"column":9}},"26":{"start":{"line":63,"column":12},"end":{"line":63,"column":38}},"27":{"start":{"line":64,"column":12},"end":{"line":64,"column":32}},"28":{"start":{"line":65,"column":12},"end":{"line":65,"column":30}},"29":{"start":{"line":68,"column":24},"end":{"line":76,"column":5}},"30":{"start":{"line":69,"column":8},"end":{"line":75,"column":9}},"31":{"start":{"line":70,"column":12},"end":{"line":70,"column":38}},"32":{"start":{"line":71,"column":12},"end":{"line":71,"column":24}},"33":{"start":{"line":72,"column":12},"end":{"line":72,"column":32}},"34":{"start":{"line":73,"column":12},"end":{"line":73,"column":32}},"35":{"start":{"line":74,"column":12},"end":{"line":74,"column":31}},"36":{"start":{"line":77,"column":4},"end":{"line":99,"column":81}},"37":{"start":{"line":101,"column":0},"end":{"line":101,"column":34}}},"fnMap":{"0":{"name":"(anonymous_0)","decl":{"start":{"line":39,"column":24},"end":{"line":39,"column":25}},"loc":{"start":{"line":39,"column":30},"end":{"line":100,"column":1}},"line":39},"1":{"name":"(anonymous_1)","decl":{"start":{"line":45,"column":27},"end":{"line":45,"column":28}},"loc":{"start":{"line":45,"column":33},"end":{"line":51,"column":5}},"line":45},"2":{"name":"(anonymous_2)","decl":{"start":{"line":46,"column":15},"end":{"line":46,"column":16}},"loc":{"start":{"line":46,"column":21},"end":{"line":50,"column":9}},"line":46},"3":{"name":"(anonymous_3)","decl":{"start":{"line":52,"column":24},"end":{"line":52,"column":25}},"loc":{"start":{"line":52,"column":30},"end":{"line":60,"column":5}},"line":52},"4":{"name":"(anonymous_4)","decl":{"start":{"line":54,"column":35},"end":{"line":54,"column":36}},"loc":{"start":{"line":54,"column":41},"end":{"line":56,"column":13}},"line":54},"5":{"name":"(anonymous_5)","decl":{"start":{"line":55,"column":25},"end":{"line":55,"column":26}},"loc":{"start":{"line":55,"column":40},"end":{"line":55,"column":53}},"line":55},"6":{"name":"(anonymous_6)","decl":{"start":{"line":61,"column":24},"end":{"line":61,"column":25}},"loc":{"start":{"line":61,"column":30},"end":{"line":67,"column":5}},"line":61},"7":{"name":"(anonymous_7)","decl":{"start":{"line":68,"column":24},"end":{"line":68,"column":25}},"loc":{"start":{"line":68,"column":30},"end":{"line":76,"column":5}},"line":68}},"branchMap":{"0":{"loc":{"start":{"line":47,"column":12},"end":{"line":49,"column":13}},"type":"if","locations":[{"start":{"line":47,"column":12},"end":{"line":49,"column":13}},{"start":{},"end":{}}],"line":47},"1":{"loc":{"start":{"line":53,"column":8},"end":{"line":59,"column":9}},"type":"if","locations":[{"start":{"line":53,"column":8},"end":{"line":59,"column":9}},{"start":{},"end":{}}],"line":53},"2":{"loc":{"start":{"line":62,"column":8},"end":{"line":66,"column":9}},"type":"if","locations":[{"start":{"line":62,"column":8},"end":{"line":66,"column":9}},{"start":{},"end":{}}],"line":62},"3":{"loc":{"start":{"line":69,"column":8},"end":{"line":75,"column":9}},"type":"if","locations":[{"start":{"line":69,"column":8},"end":{"line":75,"column":9}},{"start":{},"end":{}}],"line":69},"4":{"loc":{"start":{"line":77,"column":644},"end":{"line":77,"column":671}},"type":"cond-expr","locations":[{"start":{"line":77,"column":656},"end":{"line":77,"column":666}},{"start":{"line":77,"column":669},"end":{"line":77,"column":671}}],"line":77},"5":{"loc":{"start":{"line":77,"column":683},"end":{"line":77,"column":712}},"type":"cond-expr","locations":[{"start":{"line":77,"column":694},"end":{"line":77,"column":702}},{"start":{"line":77,"column":705},"end":{"line":77,"column":712}}],"line":77},"6":{"loc":{"start":{"line":77,"column":890},"end":{"line":77,"column":918}},"type":"cond-expr","locations":[{"start":{"line":77,"column":903},"end":{"line":77,"column":913}},{"start":{"line":77,"column":916},"end":{"line":77,"column":918}}],"line":77},"7":{"loc":{"start":{"line":77,"column":1124},"end":{"line":77,"column":1161}},"type":"cond-expr","locations":[{"start":{"line":77,"column":1146},"end":{"line":77,"column":1156}},{"start":{"line":77,"column":1159},"end":{"line":77,"column":1161}}],"line":77},"8":{"loc":{"start":{"line":81,"column":39},"end":{"line":81,"column":72}},"type":"cond-expr","locations":[{"start":{"line":81,"column":51},"end":{"line":81,"column":60}},{"start":{"line":81,"column":63},"end":{"line":81,"column":72}}],"line":81},"9":{"loc":{"start":{"line":82,"column":44},"end":{"line":82,"column":99}},"type":"cond-expr","locations":[{"start":{"line":82,"column":57},"end":{"line":82,"column":90}},{"start":{"line":82,"column":93},"end":{"line":82,"column":99}}],"line":82},"10":{"loc":{"start":{"line":90,"column":47},"end":{"line":92,"column":57}},"type":"cond-expr","locations":[{"start":{"line":90,"column":59},"end":{"line":90,"column":68}},{"start":{"line":91,"column":44},"end":{"line":92,"column":57}}],"line":90},"11":{"loc":{"start":{"line":91,"column":44},"end":{"line":92,"column":57}},"type":"cond-expr","locations":[{"start":{"line":91,"column":57},"end":{"line":91,"column":66}},{"start":{"line":92,"column":48},"end":{"line":92,"column":57}}],"line":91}},"s":{"0":1,"1":1,"2":1,"3":1,"4":1,"5":1,"6":1,"7":1,"8":1,"9":4,"10":4,"11":4,"12":4,"13":4,"14":4,"15":4,"16":0,"17":4,"18":0,"19":0,"20":0,"21":0,"22":0,"23":0,"24":4,"25":0,"26":0,"27":0,"28":0,"29":4,"30":0,"31":0,"32":0,"33":0,"34":0,"35":0,"36":4,"37":1},"f":{"0":4,"1":4,"2":4,"3":0,"4":0,"5":0,"6":0,"7":0},"b":{"0":[0,4],"1":[0,0],"2":[0,0],"3":[0,0],"4":[0,4],"5":[0,4],"6":[4,0],"7":[4,0],"8":[0,4],"9":[0,4],"10":[0,4],"11":[0,4]},"_coverageSchema":"1a1c01bbd47fc00a2c39e90264f33305004495a9","hash":"0c66883e9d796e77a5b58ed1210135134cc9c19d"}
,"C:\\Users\\Aryan\\OneDrive\\Desktop\\TypeScript\\typescript\\src\\Pages\\StartRating\\StarRating.tsx": {"path":"C:\\Users\\Aryan\\OneDrive\\Desktop\\TypeScript\\typescript\\src\\Pages\\StartRating\\StarRating.tsx","statementMap":{"0":{"start":{"line":2,"column":0},"end":{"line":2,"column":62}},"1":{"start":{"line":3,"column":16},"end":{"line":3,"column":32}},"2":{"start":{"line":4,"column":22},"end":{"line":4,"column":50}},"3":{"start":{"line":5,"column":16},"end":{"line":5,"column":32}},"4":{"start":{"line":6,"column":17},"end":{"line":6,"column":83}},"5":{"start":{"line":7,"column":14},"end":{"line":7,"column":66}},"6":{"start":{"line":8,"column":26},"end":{"line":8,"column":79}},"7":{"start":{"line":9,"column":24},"end":{"line":9,"column":48}},"8":{"start":{"line":10,"column":20},"end":{"line":29,"column":1}},"9":{"start":{"line":11,"column":40},"end":{"line":11,"column":64}},"10":{"start":{"line":12,"column":46},"end":{"line":12,"column":70}},"11":{"start":{"line":13,"column":24},"end":{"line":13,"column":25}},"12":{"start":{"line":14,"column":29},"end":{"line":16,"column":10}},"13":{"start":{"line":15,"column":8},"end":{"line":15,"column":35}},"14":{"start":{"line":17,"column":27},"end":{"line":19,"column":10}},"15":{"start":{"line":18,"column":8},"end":{"line":18,"column":25}},"16":{"start":{"line":20,"column":30},"end":{"line":22,"column":10}},"17":{"start":{"line":21,"column":8},"end":{"line":21,"column":35}},"18":{"start":{"line":23,"column":23},"end":{"line":23,"column":83}},"19":{"start":{"line":23,"column":73},"end":{"line":23,"column":82}},"20":{"start":{"line":24,"column":4},"end":{"line":28,"column":27}},"21":{"start":{"line":25,"column":20},"end":{"line":27,"column":74}},"22":{"start":{"line":30,"column":0},"end":{"line":30,"column":30}},"23":{"start":{"line":31,"column":19},"end":{"line":47,"column":1}},"24":{"start":{"line":32,"column":25},"end":{"line":32,"column":38}},"25":{"start":{"line":33,"column":26},"end":{"line":33,"column":42}},"26":{"start":{"line":34,"column":4},"end":{"line":46,"column":183}},"27":{"start":{"line":34,"column":129},"end":{"line":34,"column":143}},"28":{"start":{"line":34,"column":184},"end":{"line":34,"column":204}},"29":{"start":{"line":48,"column":19},"end":{"line":48,"column":48}}},"fnMap":{"0":{"name":"(anonymous_0)","decl":{"start":{"line":10,"column":20},"end":{"line":10,"column":21}},"loc":{"start":{"line":10,"column":26},"end":{"line":29,"column":1}},"line":10},"1":{"name":"(anonymous_1)","decl":{"start":{"line":14,"column":54},"end":{"line":14,"column":55}},"loc":{"start":{"line":14,"column":71},"end":{"line":16,"column":5}},"line":14},"2":{"name":"(anonymous_2)","decl":{"start":{"line":17,"column":52},"end":{"line":17,"column":53}},"loc":{"start":{"line":17,"column":58},"end":{"line":19,"column":5}},"line":17},"3":{"name":"(anonymous_3)","decl":{"start":{"line":20,"column":55},"end":{"line":20,"column":56}},"loc":{"start":{"line":20,"column":69},"end":{"line":22,"column":5}},"line":20},"4":{"name":"(anonymous_4)","decl":{"start":{"line":23,"column":59},"end":{"line":23,"column":60}},"loc":{"start":{"line":23,"column":73},"end":{"line":23,"column":82}},"line":23},"5":{"name":"(anonymous_5)","decl":{"start":{"line":24,"column":304},"end":{"line":24,"column":305}},"loc":{"start":{"line":24,"column":320},"end":{"line":28,"column":17}},"line":24},"6":{"name":"(anonymous_6)","decl":{"start":{"line":31,"column":19},"end":{"line":31,"column":20}},"loc":{"start":{"line":31,"column":80},"end":{"line":47,"column":1}},"line":31},"7":{"name":"(anonymous_7)","decl":{"start":{"line":34,"column":123},"end":{"line":34,"column":124}},"loc":{"start":{"line":34,"column":129},"end":{"line":34,"column":143}},"line":34},"8":{"name":"(anonymous_8)","decl":{"start":{"line":34,"column":178},"end":{"line":34,"column":179}},"loc":{"start":{"line":34,"column":184},"end":{"line":34,"column":204}},"line":34}},"branchMap":{"0":{"loc":{"start":{"line":25,"column":182},"end":{"line":27,"column":57}},"type":"cond-expr","locations":[{"start":{"line":26,"column":30},"end":{"line":26,"column":54}},{"start":{"line":27,"column":30},"end":{"line":27,"column":57}}],"line":25},"1":{"loc":{"start":{"line":37,"column":20},"end":{"line":37,"column":51}},"type":"cond-expr","locations":[{"start":{"line":37,"column":32},"end":{"line":37,"column":47}},{"start":{"line":37,"column":50},"end":{"line":37,"column":51}}],"line":37},"2":{"loc":{"start":{"line":45,"column":23},"end":{"line":45,"column":42}},"type":"cond-expr","locations":[{"start":{"line":45,"column":35},"end":{"line":45,"column":38}},{"start":{"line":45,"column":41},"end":{"line":45,"column":42}}],"line":45},"3":{"loc":{"start":{"line":46,"column":109},"end":{"line":46,"column":149}},"type":"cond-expr","locations":[{"start":{"line":46,"column":121},"end":{"line":46,"column":133}},{"start":{"line":46,"column":136},"end":{"line":46,"column":149}}],"line":46}},"s":{"0":1,"1":1,"2":1,"3":1,"4":1,"5":1,"6":1,"7":1,"8":1,"9":4,"10":4,"11":4,"12":4,"13":0,"14":4,"15":0,"16":4,"17":0,"18":4,"19":20,"20":4,"21":20,"22":1,"23":1,"24":20,"25":20,"26":20,"27":0,"28":0,"29":1},"f":{"0":4,"1":0,"2":0,"3":0,"4":20,"5":20,"6":20,"7":0,"8":0},"b":{"0":[0,20],"1":[0,20],"2":[0,20],"3":[0,20]},"_coverageSchema":"1a1c01bbd47fc00a2c39e90264f33305004495a9","hash":"1c6669d2eb9600ef58c8c6995a2562221947a0d0"}
,"C:\\Users\\Aryan\\OneDrive\\Desktop\\TypeScript\\typescript\\src\\Pages\\Stepper\\Components.tsx": {"path":"C:\\Users\\Aryan\\OneDrive\\Desktop\\TypeScript\\typescript\\src\\Pages\\Stepper\\Components.tsx","statementMap":{"0":{"start":{"line":2,"column":0},"end":{"line":2,"column":62}},"1":{"start":{"line":3,"column":0},"end":{"line":3,"column":112}},"2":{"start":{"line":4,"column":16},"end":{"line":4,"column":32}},"3":{"start":{"line":5,"column":22},"end":{"line":5,"column":50}},"4":{"start":{"line":6,"column":29},"end":{"line":6,"column":85}},"5":{"start":{"line":7,"column":19},"end":{"line":9,"column":1}},"6":{"start":{"line":8,"column":4},"end":{"line":8,"column":727}},"7":{"start":{"line":10,"column":0},"end":{"line":10,"column":32}},"8":{"start":{"line":11,"column":19},"end":{"line":13,"column":1}},"9":{"start":{"line":12,"column":4},"end":{"line":12,"column":714}},"10":{"start":{"line":14,"column":0},"end":{"line":14,"column":32}},"11":{"start":{"line":15,"column":19},"end":{"line":17,"column":1}},"12":{"start":{"line":16,"column":4},"end":{"line":16,"column":703}},"13":{"start":{"line":18,"column":0},"end":{"line":18,"column":32}},"14":{"start":{"line":19,"column":19},"end":{"line":21,"column":1}},"15":{"start":{"line":20,"column":4},"end":{"line":20,"column":709}},"16":{"start":{"line":22,"column":0},"end":{"line":22,"column":32}},"17":{"start":{"line":23,"column":19},"end":{"line":25,"column":1}},"18":{"start":{"line":24,"column":4},"end":{"line":24,"column":709}},"19":{"start":{"line":26,"column":0},"end":{"line":26,"column":32}}},"fnMap":{"0":{"name":"(anonymous_0)","decl":{"start":{"line":7,"column":19},"end":{"line":7,"column":20}},"loc":{"start":{"line":7,"column":25},"end":{"line":9,"column":1}},"line":7},"1":{"name":"(anonymous_1)","decl":{"start":{"line":11,"column":19},"end":{"line":11,"column":20}},"loc":{"start":{"line":11,"column":25},"end":{"line":13,"column":1}},"line":11},"2":{"name":"(anonymous_2)","decl":{"start":{"line":15,"column":19},"end":{"line":15,"column":20}},"loc":{"start":{"line":15,"column":25},"end":{"line":17,"column":1}},"line":15},"3":{"name":"(anonymous_3)","decl":{"start":{"line":19,"column":19},"end":{"line":19,"column":20}},"loc":{"start":{"line":19,"column":25},"end":{"line":21,"column":1}},"line":19},"4":{"name":"(anonymous_4)","decl":{"start":{"line":23,"column":19},"end":{"line":23,"column":20}},"loc":{"start":{"line":23,"column":25},"end":{"line":25,"column":1}},"line":23}},"branchMap":{},"s":{"0":1,"1":1,"2":1,"3":1,"4":1,"5":1,"6":4,"7":1,"8":1,"9":0,"10":1,"11":1,"12":0,"13":1,"14":1,"15":0,"16":1,"17":1,"18":0,"19":1},"f":{"0":4,"1":0,"2":0,"3":0,"4":0},"b":{},"_coverageSchema":"1a1c01bbd47fc00a2c39e90264f33305004495a9","hash":"0c3a1a440efe49a58e853561ed8fdc6c4fc22b2d"}
,"C:\\Users\\Aryan\\OneDrive\\Desktop\\TypeScript\\typescript\\src\\Pages\\Stepper\\Stepper.tsx": {"path":"C:\\Users\\Aryan\\OneDrive\\Desktop\\TypeScript\\typescript\\src\\Pages\\Stepper\\Stepper.tsx","statementMap":{"0":{"start":{"line":2,"column":0},"end":{"line":2,"column":62}},"1":{"start":{"line":3,"column":16},"end":{"line":3,"column":32}},"2":{"start":{"line":4,"column":22},"end":{"line":4,"column":50}},"3":{"start":{"line":5,"column":16},"end":{"line":5,"column":32}},"4":{"start":{"line":6,"column":29},"end":{"line":6,"column":85}},"5":{"start":{"line":7,"column":21},"end":{"line":7,"column":44}},"6":{"start":{"line":8,"column":19},"end":{"line":8,"column":144}},"7":{"start":{"line":9,"column":14},"end":{"line":15,"column":1}},"8":{"start":{"line":16,"column":0},"end":{"line":16,"column":33}},"9":{"start":{"line":17,"column":16},"end":{"line":34,"column":1}},"10":{"start":{"line":18,"column":46},"end":{"line":18,"column":70}},"11":{"start":{"line":19,"column":23},"end":{"line":21,"column":5}},"12":{"start":{"line":20,"column":8},"end":{"line":20,"column":68}},"13":{"start":{"line":22,"column":23},"end":{"line":24,"column":5}},"14":{"start":{"line":23,"column":8},"end":{"line":23,"column":57}},"15":{"start":{"line":25,"column":4},"end":{"line":33,"column":579}},"16":{"start":{"line":26,"column":24},"end":{"line":26,"column":413}},"17":{"start":{"line":35,"column":0},"end":{"line":35,"column":26}}},"fnMap":{"0":{"name":"(anonymous_0)","decl":{"start":{"line":17,"column":16},"end":{"line":17,"column":17}},"loc":{"start":{"line":17,"column":22},"end":{"line":34,"column":1}},"line":17},"1":{"name":"(anonymous_1)","decl":{"start":{"line":19,"column":23},"end":{"line":19,"column":24}},"loc":{"start":{"line":19,"column":29},"end":{"line":21,"column":5}},"line":19},"2":{"name":"(anonymous_2)","decl":{"start":{"line":22,"column":23},"end":{"line":22,"column":24}},"loc":{"start":{"line":22,"column":29},"end":{"line":24,"column":5}},"line":22},"3":{"name":"(anonymous_3)","decl":{"start":{"line":25,"column":214},"end":{"line":25,"column":215}},"loc":{"start":{"line":25,"column":231},"end":{"line":27,"column":21}},"line":25}},"branchMap":{},"s":{"0":1,"1":1,"2":1,"3":1,"4":1,"5":1,"6":1,"7":1,"8":1,"9":1,"10":4,"11":4,"12":0,"13":4,"14":0,"15":4,"16":20,"17":1},"f":{"0":4,"1":0,"2":0,"3":20},"b":{},"_coverageSchema":"1a1c01bbd47fc00a2c39e90264f33305004495a9","hash":"f592d9caf5e218720f36cd8b9ec8a6a1c7c43b92"}
,"C:\\Users\\Aryan\\OneDrive\\Desktop\\TypeScript\\typescript\\src\\Pages\\TrafficLight\\TrafficLight.tsx": {"path":"C:\\Users\\Aryan\\OneDrive\\Desktop\\TypeScript\\typescript\\src\\Pages\\TrafficLight\\TrafficLight.tsx","statementMap":{"0":{"start":{"line":2,"column":0},"end":{"line":2,"column":62}},"1":{"start":{"line":3,"column":16},"end":{"line":3,"column":32}},"2":{"start":{"line":4,"column":22},"end":{"line":4,"column":50}},"3":{"start":{"line":5,"column":16},"end":{"line":5,"column":32}},"4":{"start":{"line":6,"column":17},"end":{"line":6,"column":83}},"5":{"start":{"line":7,"column":28},"end":{"line":7,"column":83}},"6":{"start":{"line":9,"column":23},"end":{"line":22,"column":1}},"7":{"start":{"line":23,"column":21},"end":{"line":36,"column":1}},"8":{"start":{"line":24,"column":46},"end":{"line":24,"column":74}},"9":{"start":{"line":25,"column":4},"end":{"line":33,"column":24}},"10":{"start":{"line":26,"column":34},"end":{"line":26,"column":63}},"11":{"start":{"line":27,"column":22},"end":{"line":29,"column":17}},"12":{"start":{"line":28,"column":12},"end":{"line":28,"column":37}},"13":{"start":{"line":30,"column":8},"end":{"line":32,"column":10}},"14":{"start":{"line":31,"column":12},"end":{"line":31,"column":32}},"15":{"start":{"line":34,"column":31},"end":{"line":34,"column":126}},"16":{"start":{"line":34,"column":58},"end":{"line":34,"column":108}},"17":{"start":{"line":34,"column":70},"end":{"line":34,"column":108}},"18":{"start":{"line":35,"column":4},"end":{"line":35,"column":759}},"19":{"start":{"line":37,"column":0},"end":{"line":37,"column":31}}},"fnMap":{"0":{"name":"(anonymous_0)","decl":{"start":{"line":23,"column":21},"end":{"line":23,"column":22}},"loc":{"start":{"line":23,"column":27},"end":{"line":36,"column":1}},"line":23},"1":{"name":"(anonymous_1)","decl":{"start":{"line":25,"column":27},"end":{"line":25,"column":28}},"loc":{"start":{"line":25,"column":33},"end":{"line":33,"column":5}},"line":25},"2":{"name":"(anonymous_2)","decl":{"start":{"line":27,"column":33},"end":{"line":27,"column":34}},"loc":{"start":{"line":27,"column":39},"end":{"line":29,"column":9}},"line":27},"3":{"name":"(anonymous_3)","decl":{"start":{"line":30,"column":15},"end":{"line":30,"column":16}},"loc":{"start":{"line":30,"column":21},"end":{"line":32,"column":9}},"line":30},"4":{"name":"(anonymous_4)","decl":{"start":{"line":34,"column":52},"end":{"line":34,"column":53}},"loc":{"start":{"line":34,"column":58},"end":{"line":34,"column":108}},"line":34},"5":{"name":"(anonymous_5)","decl":{"start":{"line":34,"column":58},"end":{"line":34,"column":59}},"loc":{"start":{"line":34,"column":70},"end":{"line":34,"column":108}},"line":34}},"branchMap":{"0":{"loc":{"start":{"line":34,"column":70},"end":{"line":34,"column":108}},"type":"cond-expr","locations":[{"start":{"line":34,"column":97},"end":{"line":34,"column":103}},{"start":{"line":34,"column":106},"end":{"line":34,"column":108}}],"line":34}},"s":{"0":1,"1":1,"2":1,"3":1,"4":1,"5":1,"6":1,"7":1,"8":4,"9":4,"10":4,"11":4,"12":0,"13":4,"14":4,"15":4,"16":4,"17":12,"18":4,"19":1},"f":{"0":4,"1":4,"2":0,"3":4,"4":4,"5":12},"b":{"0":[4,8]},"_coverageSchema":"1a1c01bbd47fc00a2c39e90264f33305004495a9","hash":"5f1de531b86b05641136eb669c3be28bdc629300"}
,"C:\\Users\\Aryan\\OneDrive\\Desktop\\TypeScript\\typescript\\src\\assets\\Svg.tsx": {"path":"C:\\Users\\Aryan\\OneDrive\\Desktop\\TypeScript\\typescript\\src\\assets\\Svg.tsx","statementMap":{"0":{"start":{"line":2,"column":0},"end":{"line":2,"column":62}},"1":{"start":{"line":3,"column":22},"end":{"line":3,"column":50}},"2":{"start":{"line":4,"column":19},"end":{"line":6,"column":1}},"3":{"start":{"line":5,"column":4},"end":{"line":5,"column":401}},"4":{"start":{"line":7,"column":18},"end":{"line":9,"column":1}},"5":{"start":{"line":8,"column":4},"end":{"line":8,"column":398}},"6":{"start":{"line":10,"column":13},"end":{"line":12,"column":1}},"7":{"start":{"line":11,"column":4},"end":{"line":11,"column":713}},"8":{"start":{"line":13,"column":17},"end":{"line":17,"column":1}},"9":{"start":{"line":18,"column":0},"end":{"line":18,"column":27}}},"fnMap":{"0":{"name":"(anonymous_0)","decl":{"start":{"line":4,"column":19},"end":{"line":4,"column":20}},"loc":{"start":{"line":4,"column":25},"end":{"line":6,"column":1}},"line":4},"1":{"name":"(anonymous_1)","decl":{"start":{"line":7,"column":18},"end":{"line":7,"column":19}},"loc":{"start":{"line":7,"column":24},"end":{"line":9,"column":1}},"line":7},"2":{"name":"(anonymous_2)","decl":{"start":{"line":10,"column":13},"end":{"line":10,"column":14}},"loc":{"start":{"line":10,"column":38},"end":{"line":12,"column":1}},"line":10}},"branchMap":{},"s":{"0":1,"1":1,"2":1,"3":24,"4":1,"5":0,"6":1,"7":20,"8":1,"9":1},"f":{"0":24,"1":0,"2":20},"b":{},"_coverageSchema":"1a1c01bbd47fc00a2c39e90264f33305004495a9","hash":"5d26e001ee9b3b04bbd3b6456f220e41605e4a73"}
}
