TN:
SF:src\App.tsx
FN:9,(anonymous_0)
FN:9,(anonymous_1)
FN:10,(anonymous_2)
FN:10,(anonymous_3)
FN:11,(anonymous_4)
FN:11,(anonymous_5)
FN:12,(anonymous_6)
FN:12,(anonymous_7)
FN:13,(anonymous_8)
FN:13,(anonymous_9)
FN:14,(anonymous_10)
FN:14,(anonymous_11)
FN:15,(anonymous_12)
FN:15,(anonymous_13)
FN:16,(anonymous_14)
FN:16,(anonymous_15)
FN:17,(anonymous_16)
FN:17,(anonymous_17)
FN:18,(anonymous_18)
FN:18,(anonymous_19)
FN:19,(anonymous_20)
FN:19,(anonymous_21)
FN:20,(anonymous_22)
FN:20,(anonymous_23)
FN:21,(anonymous_24)
FNF:25
FNH:25
FNDA:1,(anonymous_0)
FNDA:1,(anonymous_1)
FNDA:1,(anonymous_2)
FNDA:1,(anonymous_3)
FNDA:1,(anonymous_4)
FNDA:1,(anonymous_5)
FNDA:1,(anonymous_6)
FNDA:1,(anonymous_7)
FNDA:1,(anonymous_8)
FNDA:1,(anonymous_9)
FNDA:1,(anonymous_10)
FNDA:1,(anonymous_11)
FNDA:1,(anonymous_12)
FNDA:1,(anonymous_13)
FNDA:1,(anonymous_14)
FNDA:1,(anonymous_15)
FNDA:1,(anonymous_16)
FNDA:1,(anonymous_17)
FNDA:1,(anonymous_18)
FNDA:1,(anonymous_19)
FNDA:1,(anonymous_20)
FNDA:1,(anonymous_21)
FNDA:1,(anonymous_22)
FNDA:1,(anonymous_23)
FNDA:5,(anonymous_24)
DA:2,1
DA:3,1
DA:4,1
DA:5,1
DA:6,1
DA:7,1
DA:8,1
DA:9,1
DA:10,1
DA:11,1
DA:12,1
DA:13,1
DA:14,1
DA:15,1
DA:16,1
DA:17,1
DA:18,1
DA:19,1
DA:20,1
DA:21,1
DA:22,5
DA:23,5
DA:33,1
LF:23
LH:23
BRF:0
BRH:0
end_of_record
TN:
SF:src\Components\InfiniteScroll\ScrollerOnElement.tsx
FN:7,(anonymous_0)
FN:18,(anonymous_1)
FN:30,(anonymous_2)
FN:35,(anonymous_3)
FN:37,(anonymous_4)
FN:38,(anonymous_5)
FN:42,(anonymous_6)
FN:45,(anonymous_7)
FN:52,(anonymous_8)
FNF:9
FNH:2
FNDA:4,(anonymous_0)
FNDA:0,(anonymous_1)
FNDA:0,(anonymous_2)
FNDA:0,(anonymous_3)
FNDA:0,(anonymous_4)
FNDA:0,(anonymous_5)
FNDA:0,(anonymous_6)
FNDA:0,(anonymous_7)
FNDA:200,(anonymous_8)
DA:2,1
DA:3,1
DA:4,1
DA:5,1
DA:6,1
DA:7,1
DA:8,4
DA:15,4
DA:17,4
DA:18,4
DA:19,0
DA:20,0
DA:22,0
DA:23,0
DA:24,0
DA:25,0
DA:27,0
DA:28,0
DA:30,0
DA:35,0
DA:36,0
DA:37,0
DA:38,0
DA:42,0
DA:45,0
DA:46,0
DA:52,4
DA:53,200
DA:56,1
LF:29
LH:13
BRDA:19,0,0,0
BRDA:19,0,1,0
BRDA:19,1,0,0
BRDA:19,1,1,0
BRDA:24,2,0,0
BRDA:24,2,1,0
BRDA:27,3,0,0
BRDA:27,3,1,0
BRDA:36,4,0,0
BRDA:36,4,1,0
BRF:10
BRH:0
end_of_record
TN:
SF:src\Components\Loader\Loader.tsx
FN:6,(anonymous_0)
FNF:1
FNH:1
FNDA:1,(anonymous_0)
DA:2,1
DA:3,1
DA:4,1
DA:5,1
DA:6,1
DA:7,1
DA:9,1
LF:7
LH:7
BRF:0
BRH:0
end_of_record
TN:
SF:src\Components\Modal\Modal.tsx
FN:7,(anonymous_0)
FN:83,(anonymous_1)
FNF:2
FNH:1
FNDA:4,(anonymous_0)
FNDA:0,(anonymous_1)
DA:2,1
DA:3,1
DA:4,1
DA:5,1
DA:6,1
DA:7,1
DA:8,4
DA:35,4
DA:46,4
DA:60,4
DA:83,4
DA:85,1
LF:12
LH:12
BRDA:83,0,0,4
BRDA:83,0,1,0
BRF:2
BRH:1
end_of_record
TN:
SF:src\Components\SuggestionField\InputSuggestion.tsx
FN:7,(anonymous_0)
FN:11,(anonymous_1)
FN:14,(anonymous_2)
FN:18,(anonymous_3)
FN:27,(anonymous_4)
FN:29,(anonymous_5)
FN:37,(anonymous_6)
FN:41,(anonymous_7)
FN:44,(anonymous_8)
FN:51,(anonymous_9)
FN:59,(anonymous_10)
FN:76,(anonymous_11)
FN:78,(anonymous_12)
FN:81,(anonymous_13)
FN:104,(anonymous_14)
FN:105,(anonymous_15)
FNF:16
FNH:0
FNDA:0,(anonymous_0)
FNDA:0,(anonymous_1)
FNDA:0,(anonymous_2)
FNDA:0,(anonymous_3)
FNDA:0,(anonymous_4)
FNDA:0,(anonymous_5)
FNDA:0,(anonymous_6)
FNDA:0,(anonymous_7)
FNDA:0,(anonymous_8)
FNDA:0,(anonymous_9)
FNDA:0,(anonymous_10)
FNDA:0,(anonymous_11)
FNDA:0,(anonymous_12)
FNDA:0,(anonymous_13)
FNDA:0,(anonymous_14)
FNDA:0,(anonymous_15)
DA:2,1
DA:3,1
DA:4,1
DA:5,1
DA:6,1
DA:7,1
DA:9,0
DA:11,0
DA:12,0
DA:14,0
DA:15,0
DA:16,0
DA:18,0
DA:19,0
DA:20,0
DA:22,0
DA:25,1
DA:26,1
DA:27,1
DA:28,0
DA:29,0
DA:30,0
DA:31,0
DA:34,0
DA:36,1
DA:37,1
DA:38,0
DA:39,0
DA:41,0
DA:42,0
DA:44,0
DA:46,0
DA:47,0
DA:48,0
DA:50,0
DA:51,0
DA:52,0
DA:53,0
DA:54,0
DA:56,0
DA:58,0
DA:59,0
DA:60,0
DA:61,0
DA:62,0
DA:64,0
DA:66,0
DA:67,0
DA:68,0
DA:70,0
DA:72,0
DA:73,0
DA:76,0
DA:77,0
DA:78,0
DA:81,0
DA:83,0
DA:86,0
DA:87,0
DA:89,0
DA:97,0
DA:98,0
DA:101,0
DA:102,0
DA:104,0
DA:105,0
DA:106,0
DA:107,0
DA:111,1
LF:69
LH:12
BRDA:7,0,0,0
BRDA:7,1,0,0
BRDA:7,2,0,0
BRDA:7,3,0,0
BRDA:30,4,0,0
BRDA:30,4,1,0
BRDA:46,5,0,0
BRDA:46,5,1,0
BRDA:48,6,0,0
BRDA:48,6,1,0
BRDA:48,6,2,0
BRDA:48,6,3,0
BRDA:52,7,0,0
BRDA:52,7,1,0
BRDA:60,8,0,0
BRDA:60,8,1,0
BRDA:67,9,0,0
BRDA:67,9,1,0
BRDA:67,10,0,0
BRDA:67,10,1,0
BRDA:83,11,0,0
BRDA:83,11,1,0
BRDA:87,12,0,0
BRDA:87,12,1,0
BRDA:97,13,0,0
BRDA:97,13,1,0
BRDA:101,14,0,0
BRDA:101,14,1,0
BRDA:101,15,0,0
BRDA:101,15,1,0
BRDA:105,16,0,0
BRDA:105,16,1,0
BRDA:105,17,0,0
BRDA:105,17,1,0
BRF:34
BRH:0
end_of_record
TN:
SF:src\Pages\Accordion\Accordion.tsx
FN:47,(anonymous_0)
FN:51,(anonymous_1)
FN:64,(anonymous_2)
FN:67,(anonymous_3)
FN:68,(anonymous_4)
FN:76,(anonymous_5)
FNF:6
FNH:3
FNDA:4,(anonymous_0)
FNDA:4,(anonymous_1)
FNDA:0,(anonymous_2)
FNDA:0,(anonymous_3)
FNDA:0,(anonymous_4)
FNDA:24,(anonymous_5)
DA:2,1
DA:3,1
DA:4,1
DA:5,1
DA:6,1
DA:7,1
DA:8,1
DA:9,1
DA:47,1
DA:48,4
DA:50,1
DA:51,1
DA:52,4
DA:64,4
DA:65,0
DA:66,0
DA:67,0
DA:68,0
DA:69,0
DA:76,4
DA:77,24
LF:21
LH:16
BRDA:66,0,0,0
BRDA:66,0,1,0
BRDA:71,1,0,0
BRDA:71,1,1,0
BRDA:77,2,0,0
BRDA:77,2,1,24
BRDA:77,3,0,24
BRDA:77,3,1,0
BRF:8
BRH:2
end_of_record
TN:
SF:src\Pages\AutoSuggestion\AutoSuggestion.tsx
FN:9,(anonymous_0)
FN:14,(anonymous_1)
FN:30,(anonymous_2)
FN:33,(anonymous_3)
FN:35,(anonymous_4)
FN:39,(anonymous_5)
FN:44,(anonymous_6)
FN:48,(anonymous_7)
FN:49,(anonymous_8)
FN:57,(anonymous_9)
FN:60,(anonymous_10)
FN:63,(anonymous_11)
FN:67,(anonymous_12)
FNF:13
FNH:5
FNDA:8,(anonymous_0)
FNDA:4,(anonymous_1)
FNDA:4,(anonymous_2)
FNDA:8,(anonymous_3)
FNDA:0,(anonymous_4)
FNDA:0,(anonymous_5)
FNDA:0,(anonymous_6)
FNDA:4,(anonymous_7)
FNDA:0,(anonymous_8)
FNDA:0,(anonymous_9)
FNDA:0,(anonymous_10)
FNDA:0,(anonymous_11)
FNDA:0,(anonymous_12)
DA:2,1
DA:3,1
DA:4,1
DA:5,1
DA:6,1
DA:7,1
DA:8,1
DA:9,1
DA:10,8
DA:11,8
DA:12,8
DA:13,8
DA:14,8
DA:15,4
DA:16,4
DA:17,0
DA:18,0
DA:20,0
DA:21,0
DA:24,4
DA:27,4
DA:30,8
DA:31,4
DA:33,8
DA:35,8
DA:36,0
DA:37,0
DA:39,0
DA:40,0
DA:44,8
DA:45,0
DA:47,8
DA:48,8
DA:49,4
DA:51,8
DA:52,4
DA:54,4
DA:55,4
DA:57,0
DA:58,0
DA:60,0
DA:62,1
DA:63,1
DA:64,0
DA:65,0
DA:67,0
DA:68,0
DA:71,1
LF:48
LH:32
BRDA:17,0,0,0
BRDA:17,0,1,0
BRDA:36,1,0,0
BRDA:36,1,1,0
BRDA:51,2,0,4
BRDA:51,2,1,4
BRDA:54,3,0,4
BRDA:54,3,1,0
BRDA:64,4,0,0
BRDA:64,4,1,0
BRF:10
BRH:3
end_of_record
TN:
SF:src\Pages\Message\Message.tsx
FN:8,(anonymous_0)
FN:10,(anonymous_1)
FN:11,(anonymous_2)
FNF:3
FNH:1
FNDA:4,(anonymous_0)
FNDA:0,(anonymous_1)
FNDA:0,(anonymous_2)
DA:2,1
DA:3,1
DA:4,1
DA:5,1
DA:6,1
DA:7,1
DA:8,1
DA:9,4
DA:10,4
DA:11,4
DA:12,4
DA:14,1
LF:12
LH:12
BRF:0
BRH:0
end_of_record
TN:
SF:src\Pages\OTP\OtpFieldTwo.tsx
FN:8,InputFocusPartTwo
FN:11,(anonymous_1)
FN:17,(anonymous_2)
FN:21,(anonymous_3)
FN:26,(anonymous_4)
FN:35,(anonymous_5)
FN:43,(anonymous_6)
FN:47,(anonymous_7)
FN:51,(anonymous_8)
FN:52,(anonymous_9)
FN:52,(anonymous_10)
FN:52,(anonymous_11)
FNF:12
FNH:4
FNDA:4,InputFocusPartTwo
FNDA:0,(anonymous_1)
FNDA:0,(anonymous_2)
FNDA:0,(anonymous_3)
FNDA:0,(anonymous_4)
FNDA:0,(anonymous_5)
FNDA:0,(anonymous_6)
FNDA:16,(anonymous_7)
FNDA:16,(anonymous_8)
FNDA:32,(anonymous_9)
FNDA:0,(anonymous_10)
FNDA:0,(anonymous_11)
DA:2,1
DA:3,1
DA:4,1
DA:5,1
DA:6,1
DA:7,1
DA:9,4
DA:10,4
DA:11,4
DA:12,0
DA:13,0
DA:14,0
DA:15,0
DA:17,0
DA:18,0
DA:21,4
DA:22,0
DA:23,0
DA:26,4
DA:28,0
DA:30,0
DA:35,0
DA:36,0
DA:37,0
DA:38,0
DA:40,0
DA:43,0
DA:44,0
DA:47,4
DA:48,16
DA:51,1
DA:52,32
LF:32
LH:15
BRDA:14,0,0,0
BRDA:14,0,1,0
BRDA:14,1,0,0
BRDA:14,1,1,0
BRDA:22,2,0,0
BRDA:22,2,1,0
BRDA:22,3,0,0
BRDA:22,3,1,0
BRDA:22,3,2,0
BRF:9
BRH:0
end_of_record
TN:
SF:src\Pages\PausableCounter\PausableCounter.tsx
FN:39,(anonymous_0)
FN:45,(anonymous_1)
FN:46,(anonymous_2)
FN:52,(anonymous_3)
FN:54,(anonymous_4)
FN:55,(anonymous_5)
FN:61,(anonymous_6)
FN:68,(anonymous_7)
FNF:8
FNH:3
FNDA:4,(anonymous_0)
FNDA:4,(anonymous_1)
FNDA:4,(anonymous_2)
FNDA:0,(anonymous_3)
FNDA:0,(anonymous_4)
FNDA:0,(anonymous_5)
FNDA:0,(anonymous_6)
FNDA:0,(anonymous_7)
DA:2,1
DA:3,1
DA:4,1
DA:5,1
DA:6,1
DA:7,1
DA:8,1
DA:10,1
DA:39,1
DA:40,4
DA:41,4
DA:42,4
DA:43,4
DA:45,4
DA:46,4
DA:47,4
DA:48,0
DA:52,4
DA:53,0
DA:54,0
DA:55,0
DA:57,0
DA:58,0
DA:61,4
DA:62,0
DA:63,0
DA:64,0
DA:65,0
DA:68,4
DA:69,0
DA:70,0
DA:71,0
DA:72,0
DA:73,0
DA:74,0
DA:77,4
DA:101,1
LF:37
LH:21
BRDA:47,0,0,0
BRDA:47,0,1,4
BRDA:53,1,0,0
BRDA:53,1,1,0
BRDA:62,2,0,0
BRDA:62,2,1,0
BRDA:69,3,0,0
BRDA:69,3,1,0
BRDA:77,4,0,0
BRDA:77,4,1,4
BRDA:77,5,0,0
BRDA:77,5,1,4
BRDA:77,6,0,4
BRDA:77,6,1,0
BRDA:77,7,0,4
BRDA:77,7,1,0
BRDA:81,8,0,0
BRDA:81,8,1,4
BRDA:82,9,0,0
BRDA:82,9,1,4
BRDA:90,10,0,0
BRDA:90,10,1,4
BRDA:91,11,0,0
BRDA:91,11,1,4
BRF:24
BRH:9
end_of_record
TN:
SF:src\Pages\StartRating\StarRating.tsx
FN:10,(anonymous_0)
FN:14,(anonymous_1)
FN:17,(anonymous_2)
FN:20,(anonymous_3)
FN:23,(anonymous_4)
FN:24,(anonymous_5)
FN:31,(anonymous_6)
FN:34,(anonymous_7)
FN:34,(anonymous_8)
FNF:9
FNH:4
FNDA:4,(anonymous_0)
FNDA:0,(anonymous_1)
FNDA:0,(anonymous_2)
FNDA:0,(anonymous_3)
FNDA:20,(anonymous_4)
FNDA:20,(anonymous_5)
FNDA:20,(anonymous_6)
FNDA:0,(anonymous_7)
FNDA:0,(anonymous_8)
DA:2,1
DA:3,1
DA:4,1
DA:5,1
DA:6,1
DA:7,1
DA:8,1
DA:9,1
DA:10,1
DA:11,4
DA:12,4
DA:13,4
DA:14,4
DA:15,0
DA:17,4
DA:18,0
DA:20,4
DA:21,0
DA:23,20
DA:24,4
DA:25,20
DA:30,1
DA:31,1
DA:32,20
DA:33,20
DA:34,20
DA:48,1
LF:27
LH:24
BRDA:25,0,0,0
BRDA:25,0,1,20
BRDA:37,1,0,0
BRDA:37,1,1,20
BRDA:45,2,0,0
BRDA:45,2,1,20
BRDA:46,3,0,0
BRDA:46,3,1,20
BRF:8
BRH:4
end_of_record
TN:
SF:src\Pages\Stepper\Components.tsx
FN:7,(anonymous_0)
FN:11,(anonymous_1)
FN:15,(anonymous_2)
FN:19,(anonymous_3)
FN:23,(anonymous_4)
FNF:5
FNH:1
FNDA:4,(anonymous_0)
FNDA:0,(anonymous_1)
FNDA:0,(anonymous_2)
FNDA:0,(anonymous_3)
FNDA:0,(anonymous_4)
DA:2,1
DA:3,1
DA:4,1
DA:5,1
DA:6,1
DA:7,1
DA:8,4
DA:10,1
DA:11,1
DA:12,0
DA:14,1
DA:15,1
DA:16,0
DA:18,1
DA:19,1
DA:20,0
DA:22,1
DA:23,1
DA:24,0
DA:26,1
LF:20
LH:16
BRF:0
BRH:0
end_of_record
TN:
SF:src\Pages\Stepper\Stepper.tsx
FN:17,(anonymous_0)
FN:19,(anonymous_1)
FN:22,(anonymous_2)
FN:25,(anonymous_3)
FNF:4
FNH:2
FNDA:4,(anonymous_0)
FNDA:0,(anonymous_1)
FNDA:0,(anonymous_2)
FNDA:20,(anonymous_3)
DA:2,1
DA:3,1
DA:4,1
DA:5,1
DA:6,1
DA:7,1
DA:8,1
DA:9,1
DA:16,1
DA:17,1
DA:18,4
DA:19,4
DA:20,0
DA:22,4
DA:23,0
DA:25,4
DA:26,20
DA:35,1
LF:18
LH:16
BRF:0
BRH:0
end_of_record
TN:
SF:src\Pages\TrafficLight\TrafficLight.tsx
FN:23,(anonymous_0)
FN:25,(anonymous_1)
FN:27,(anonymous_2)
FN:30,(anonymous_3)
FN:34,(anonymous_4)
FN:34,(anonymous_5)
FNF:6
FNH:5
FNDA:4,(anonymous_0)
FNDA:4,(anonymous_1)
FNDA:0,(anonymous_2)
FNDA:4,(anonymous_3)
FNDA:4,(anonymous_4)
FNDA:12,(anonymous_5)
DA:2,1
DA:3,1
DA:4,1
DA:5,1
DA:6,1
DA:7,1
DA:9,1
DA:23,1
DA:24,4
DA:25,4
DA:26,4
DA:27,4
DA:28,0
DA:30,4
DA:31,4
DA:34,12
DA:35,4
DA:37,1
LF:18
LH:17
BRDA:34,0,0,4
BRDA:34,0,1,8
BRF:2
BRH:2
end_of_record
TN:
SF:src\assets\Svg.tsx
FN:4,(anonymous_0)
FN:7,(anonymous_1)
FN:10,(anonymous_2)
FNF:3
FNH:2
FNDA:24,(anonymous_0)
FNDA:0,(anonymous_1)
FNDA:20,(anonymous_2)
DA:2,1
DA:3,1
DA:4,1
DA:5,24
DA:7,1
DA:8,0
DA:10,1
DA:11,20
DA:13,1
DA:18,1
LF:10
LH:9
BRF:0
BRH:0
end_of_record
